2024-01-13 23:28:09,000:INFO:-------------------------------------------------------------
2024-01-13 23:28:09,084:INFO:彰化地方檢察署 取 18347 筆資料
2024-01-13 23:28:09,298:ERROR:re_amount => 臺灣彰化地方檢察署 106 年度 偵 字第 11454 號刑事起訴書.txt => main_text => 蔡紫涵共同犯圖利聚眾賭博罪，處有期徒刑參月，如易科罰金，以新臺幣壹仟元折算壹日。黃文忠犯賭博罪，共陸罪，各處罰金新臺幣貳仟元，如易服勞役，均以新臺幣壹仟元折算壹日。又共同犯傷害罪，處有期徒刑參月，如易科罰金，以新臺幣壹仟元折算壹日。又共同犯恐嚇危害安全罪，處有期徒刑貳月，如易科罰金，以新臺幣壹仟元折算壹日。罰金部分應執行罰金新臺幣玖仟元，如易服勞役，以新臺幣壹仟元折算壹日。有期徒刑部分應執行有期徒刑肆月，如易科罰金，以新臺幣壹仟元折算壹日。未扣案之犯罪所得新臺幣肆拾萬元沒收，於全部或一部不能沒收或不宜執行沒收時，追徵其價額。黃宗義共同犯傷害罪，處有期徒刑參月，如易科罰金，以新臺幣壹仟元折算壹日。林國華共同犯恐嚇危害安全罪，處拘役肆拾日，如易科罰金，以新臺幣壹仟元折算壹日。 => 錯誤匹配: 部分應執行罰金新臺幣玖仟
2024-01-13 23:28:09,310:ERROR:main_text => 臺灣彰化地方檢察署 106 年度 偵 字第 12361 號刑事起訴書.txt
2024-01-13 23:28:09,744:ERROR:re_reason => 臺灣彰化地方檢察署 107 年度 偵 字第 10564 號刑事起訴書.txt => main_text => 欄所示之罪，各處如附表主文欄所示之刑。扣案之HTC廠牌行動電話1支(序號：000000000000000號，含內插門號0000000000號SIM卡壹張)，沒收。
2024-01-13 23:28:09,769:ERROR:re_reason => 臺灣彰化地方檢察署 107 年度 偵 字第 10609 號刑事起訴書.txt => main_text => 欄所示之刑（含沒收）。主刑部分應執行有期徒刑年。
2024-01-13 23:28:10,190:ERROR:re_reason => 臺灣彰化地方檢察署 107 年度 偵 字第 11394 號刑事起訴書.txt => main_text => 本件管轄錯誤，移送於臺灣臺中地方法院。
2024-01-13 23:28:10,212:ERROR:re_reason => 臺灣彰化地方檢察署 107 年度 偵 字第 11536 號刑事聲請簡易判決處刑書.txt => main_text => 李訓忠犯不能安全駕駛動力交通工具罪，處有期徒刑月，如易科罰金，以新台幣壹仟元折算壹日。
2024-01-13 23:28:10,270:ERROR:re_reason => 臺灣彰化地方檢察署 107 年度 偵 字第 11625 號刑事起訴書.txt => main_text => 本件管轄錯誤，移送於臺灣南投地方法院。
2024-01-13 23:28:10,478:ERROR:re_reason => 臺灣彰化地方檢察署 107 年度 偵 字第 12119 號刑事聲請簡易判決處刑書.txt => main_text => 曾韋綸犯不能安全駕駛動力交通工具罪，累犯，處有期徒刑月，如易科罰金，以新台幣壹仟元折算壹日。
2024-01-13 23:28:10,646:ERROR:re_reason => 臺灣彰化地方檢察署 107 年度 偵 字第 12483 號刑事起訴書.txt => main_text => 王胤犯無駕駛執照過失傷害人罪，處有期徒刑月，如易科罰金，以新臺幣壹仟元折算壹日。
2024-01-13 23:28:11,573:ERROR:re_reason => 臺灣彰化地方檢察署 107 年度 偵 字第 3758 號刑事起訴書.txt => main_text => 欄所示之罪，處如所示之刑及沒收。
2024-01-13 23:28:11,594:ERROR:re_reason => 臺灣彰化地方檢察署 107 年度 偵 字第 3880 號刑事起訴書.txt => main_text => 陳政安犯洗錢防制法第十四條第一項之洗錢罪，處有期徒刑月，併科罰金新臺幣萬元，罰金如易服勞役，以新臺幣壹仟元折算壹日。緩刑貳年。
2024-01-13 23:28:11,872:ERROR:re_reason => 臺灣彰化地方檢察署 107 年度 偵 字第 4991 號刑事起訴書.txt => main_text => 欄所示之刑及沒收。應執行有期徒刑年陸月，沒收併執行之。
2024-01-13 23:28:11,920:ERROR:main_text => 臺灣彰化地方檢察署 107 年度 偵 字第 5085 號刑事起訴書.txt
2024-01-13 23:28:12,190:ERROR:re_reason => 臺灣彰化地方檢察署 107 年度 偵 字第 5535 號刑事聲請簡易判決處刑書.txt => main_text => 林敬昌犯恐嚇危害安全罪，處拘役拾日，如易科罰金，以新臺幣壹仟元折算壹日。
2024-01-13 23:28:12,503:ERROR:main_text => 臺灣彰化地方檢察署 107 年度 偵 字第 6153 號刑事聲請簡易判決處刑書.txt
2024-01-13 23:28:12,729:ERROR:re_reason => 臺灣彰化地方檢察署 107 年度 偵 字第 6668 號刑事起訴書.txt => main_text => 沈政威犯附表所示之罪，各處「宣告刑」欄所示之刑及沒收。不得易科罰金之有期徒刑部分，應執行肆年肆月。得易科罰金之有期徒刑部分，應執行拾月，如易科罰金，以新臺幣壹仟元折算壹日。
2024-01-13 23:28:12,819:ERROR:re_reason => 臺灣彰化地方檢察署 107 年度 偵 字第 6899 號刑事聲請簡易判決處刑書.txt => main_text => 黃健智犯著作權法第九十二條之侵害著作財產權罪，處拘役拾日，如易科罰金，以新臺幣壹仟元折算壹日。
2024-01-13 23:28:13,071:ERROR:re_reason => 臺灣彰化地方檢察署 107 年度 偵 字第 7318 號刑事起訴書.txt => main_text => 吳進銘犯附表一、二所示之罪，各處「宣告刑」欄所示之刑及沒收。不得易科罰金之有期徒刑部分（即附表一部分），應執行壹年貳月。得易科罰金之有期徒刑部分（即附表二部分），應執行壹年參月，如易科罰金，以新臺幣壹仟元折算壹日。沒收部分併執行之。
2024-01-13 23:28:13,357:ERROR:re_reason => 臺灣彰化地方檢察署 107 年度 偵 字第 7807 號刑事聲請簡易判決處刑書.txt => main_text => 潘學承幫助犯詐欺取財罪，處有期徒刑月，如易科罰金，以新臺幣壹仟元折算壹日。緩刑貳年。
2024-01-13 23:28:13,537:ERROR:re_fact => 臺灣彰化地方檢察署 107 年度 偵 字第 8079 號刑事起訴書.txt
2024-01-13 23:28:13,710:ERROR:re_reason => 臺灣彰化地方檢察署 107 年度 偵 字第 8381 號刑事起訴書.txt => main_text => 林志銘犯如附表所示各罪，分別處如附表罪名及宣告刑欄所示之刑（含主刑及沒收）。
2024-01-13 23:28:13,758:ERROR:re_fact => 臺灣彰化地方檢察署 107 年度 偵 字第 8531 號刑事聲請簡易判決處刑書.txt
2024-01-13 23:28:13,815:ERROR:re_reason => 臺灣彰化地方檢察署 107 年度 偵 字第 8627 號刑事起訴書.txt => main_text => 林宏坤、尤秉諒、王閔宏、謝俊宏、林淑微、林虹虹各犯如附表所示之各罪，各處如附表所示之刑。
2024-01-13 23:28:13,873:ERROR:re_reason => 臺灣彰化地方檢察署 107 年度 偵 字第 8767 號刑事聲請簡易判決處刑書.txt => main_text => 吳嘉哲犯賭博罪，處罰金新臺幣仟元，如易服勞役，以新臺幣壹仟元折算壹日。
2024-01-13 23:28:13,927:ERROR:re_reason => 臺灣彰化地方檢察署 107 年度 偵 字第 8971 號刑事起訴書.txt => main_text => 高永福犯不能安全駕駛動力交通工具致人於死罪，累犯，處有期徒刑年拾月。
2024-01-13 23:28:13,936:ERROR:re_reason => 臺灣彰化地方檢察署 107 年度 偵 字第 8997 號刑事起訴書.txt => main_text => 林政緯犯無駕駛執照過失傷害人罪，處有期徒刑月，如易科罰金，以新臺幣壹仟元折算壹日。
2024-01-13 23:28:13,943:ERROR:re_fact => 臺灣彰化地方檢察署 107 年度 偵 字第 9019 號刑事聲請簡易判決處刑書.txt
2024-01-13 23:28:14,501:ERROR:re_reason => 臺灣彰化地方檢察署 107 年度 偵緝 字第 270 號刑事聲請簡易判決處刑書.txt => main_text => 莊文宗犯附表所示之各罪，各處如附表所示之刑（含主刑及沒收）。
2024-01-13 23:28:14,982:ERROR:re_reason => 臺灣彰化地方檢察署 107 年度 撤緩毒偵 字第 106 號刑事聲請簡易判決處刑書.txt => main_text => 羅瑛傑施用第二級毒品，處有期徒刑月，如易科罰金，以新台幣壹仟元折算壹日。
2024-01-13 23:28:15,067:ERROR:re_reason => 臺灣彰化地方檢察署 107 年度 毒偵 字第 1056 號刑事聲請簡易判決處刑書.txt => main_text => 吳麗蘭施用第二級毒品，處有期徒刑月，如易科罰金，以新臺幣壹仟元折算壹日。
2024-01-13 23:28:15,108:ERROR:re_reason => 臺灣彰化地方檢察署 107 年度 毒偵 字第 1097 號刑事聲請簡易判決處刑書.txt => main_text => 黃彥鈞施用第二級毒品，累犯，處有期徒刑月，如易科罰金，以新台幣壹仟元折算壹日。扣案之吸食器壹組、塑膠夾鏈袋壹個均沒收。
2024-01-13 23:28:15,252:ERROR:re_reason => 臺灣彰化地方檢察署 107 年度 毒偵 字第 1395 號刑事起訴書.txt => main_text => 劉清熙犯如附表所示之罪，各處如附表所示之刑（含主刑及沒收）。
2024-01-13 23:28:15,450:ERROR:re_reason => 臺灣彰化地方檢察署 107 年度 毒偵 字第 1689 號刑事起訴書.txt => main_text => 欄所示之罪，各處如所示之刑。
2024-01-13 23:28:15,527:ERROR:main_text => 臺灣彰化地方檢察署 107 年度 毒偵 字第 1826 號刑事起訴書.txt
2024-01-13 23:28:15,649:ERROR:re_reason => 臺灣彰化地方檢察署 107 年度 毒偵 字第 2100 號刑事起訴書.txt => main_text => 欄所示之罪，各處如附表主文欄所示之刑。
2024-01-13 23:28:15,673:ERROR:re_reason => 臺灣彰化地方檢察署 107 年度 毒偵 字第 2139 號刑事起訴書.txt => main_text => 本件管轄錯誤，移送於臺灣臺中地方法院。
2024-01-13 23:28:15,724:ERROR:re_reason => 臺灣彰化地方檢察署 107 年度 毒偵 字第 2298 號刑事起訴書.txt => main_text => 欄所示之罪，各處如附表主文欄所示之刑。
2024-01-13 23:28:15,796:ERROR:re_reason => 臺灣彰化地方檢察署 107 年度 毒偵 字第 766 號刑事起訴書.txt => main_text => 本件管轄錯誤，移送於臺灣南投地方法院。
2024-01-13 23:28:15,800:ERROR:re_reason => 臺灣彰化地方檢察署 107 年度 毒偵 字第 781 號刑事聲請簡易判決處刑書.txt => main_text => 本件管轄錯誤，移送臺灣臺中地方法院。
2024-01-13 23:28:16,205:ERROR:re_reason => 臺灣彰化地方檢察署 107 年度 速偵 字第 1203 號刑事聲請簡易判決處刑書.txt => main_text => PHANNGOCHUY犯刑法第一百八十五條之三第一項第一款之服用酒類駕駛動力交通工具罪，處有期徒刑月，如易科罰金，以新臺幣壹仟元折算壹日。緩刑年，並應於本判決確定之日起陸個月內，向公庫支付新臺幣柒萬元。
2024-01-13 23:28:16,217:ERROR:re_reason => 臺灣彰化地方檢察署 107 年度 速偵 字第 1221 號刑事聲請簡易判決處刑書.txt => main_text => 鄭春季犯刑法第一百八十五條之三第一項第一款之服用酒類駕駛動力交通工具罪，處有期徒刑月，如易科罰金，以新臺幣壹仟元折算壹日。
2024-01-13 23:28:16,245:ERROR:re_reason => 臺灣彰化地方檢察署 107 年度 速偵 字第 1264 號刑事聲請簡易判決處刑書.txt => main_text => 毛禹涵駕駛動力交通工具，吐氣所含酒精濃度達每公升零點二五毫克以上，處有期徒刑月，如易科罰金，以新臺幣壹仟元折算壹日。
2024-01-13 23:28:16,278:ERROR:re_reason => 臺灣彰化地方檢察署 107 年度 速偵 字第 1308 號刑事聲請簡易判決處刑書.txt => main_text => 蔣家豪駕駛動力交通工具，吐氣所含酒精濃度達每公升零點二五毫克以上，累犯，處有期徒刑月，如易科罰金，以新臺幣壹仟元折算壹日。
2024-01-13 23:28:16,284:ERROR:re_reason => 臺灣彰化地方檢察署 107 年度 速偵 字第 1313 號刑事聲請簡易判決處刑書.txt => main_text => 林招騰犯刑法第一百八十五條之三第一項第一款之服用酒類駕駛動力交通工具罪，處有期徒刑月，如易科罰金，以新臺幣壹仟元折算壹日。
2024-01-13 23:28:16,311:ERROR:re_reason => 臺灣彰化地方檢察署 107 年度 速偵 字第 1339 號刑事聲請簡易判決處刑書.txt => main_text => 謝賢橘犯刑法第一百八十五條之三第一項第一款之服用酒類駕駛動力交通工具罪，處有期徒刑月，如易科罰金，以新臺幣壹仟元折算壹日。
2024-01-13 23:28:16,329:ERROR:re_reason => 臺灣彰化地方檢察署 107 年度 速偵 字第 1356 號刑事聲請簡易判決處刑書.txt => main_text => 鍾葟翔駕駛動力交通工具，吐氣所含酒精濃度達每公升零點二五毫克以上，處有期徒刑月，如易科罰金，以新臺幣壹仟元折算壹日。
2024-01-13 23:28:16,337:ERROR:re_reason => 臺灣彰化地方檢察署 107 年度 速偵 字第 1364 號刑事聲請簡易判決處刑書.txt => main_text => 施富欽駕駛動力交通工具，吐氣所含酒精濃度達每公升零點二五毫克以上，處有期徒刑月，如易科罰金，以新臺幣壹仟元折算壹日。
2024-01-13 23:28:16,772:ERROR:re_reason => 臺灣彰化地方檢察署 107 年度 速偵 字第 1906 號刑事聲請簡易判決處刑書.txt => main_text => 許世村駕駛動力交通工具，吐氣所含酒精濃度達每公升零點二五毫克以上，處有期徒刑月，如易科罰金，以新臺幣壹仟元折算壹日。
2024-01-13 23:28:17,131:ERROR:re_reason => 臺灣彰化地方檢察署 107 年度 選偵 字第 11 號刑事追加起訴書.txt => main_text => 賴森鄉、賴陳摒、賴萬慶、周彩勤、賴素珍、賴金、李玉滿、游振園各犯如附表二所示之各罪，各處如附表二所示之刑（含主刑及沒收）。
2024-01-13 23:28:17,143:ERROR:re_reason => 臺灣彰化地方檢察署 107 年度 選偵 字第 126 號刑事起訴書.txt => main_text => 劉毓奇、王丁財、蕭妙惠、劉俊麟、劉泰進各犯如附表二所示之各罪，各處如附表二所示之刑（含主刑及沒收）。
2024-01-13 23:28:17,153:ERROR:re_reason => 臺灣彰化地方檢察署 107 年度 選偵 字第 14 號刑事起訴書.txt => main_text => 一、徐郁玲、黃金杉共同犯如附表一所示之罪，各處如附表一所示之刑及沒收。二、徐郁玲緩刑肆年，並應向公庫支付新臺幣參拾萬元。
2024-01-13 23:28:17,223:ERROR:re_reason => 臺灣彰化地方檢察署 107 年度 選偵 字第 8 號刑事起訴書.txt => main_text => 賴森鄉、賴陳摒、賴萬慶、周彩勤、賴素珍、賴金、李玉滿、游振園各犯如附表二所示之各罪，各處如附表二所示之刑（含主刑及沒收）。
2024-01-13 23:28:17,272:ERROR:re_reason => 臺灣彰化地方檢察署 108 年度 偵 字第 10084 號刑事起訴書.txt => main_text => 、犯罪事實要旨、處罰條文並告知上訴限制、期間及提出上訴狀之法院，且諭知記載其內容：：陳家榮犯竊盜罪，處拘役拾日，如易科罰金，以新臺幣壹仟元折算壹日。
2024-01-13 23:28:17,284:ERROR:re_reason => 臺灣彰化地方檢察署 108 年度 偵 字第 10139 號刑事聲請簡易判決處刑書.txt => main_text => 洪武郎犯刑法第一百八十五條之三第一項第一款之服用酒類駕駛動力交通工具罪，處有期徒刑月，如易科罰金，以新臺幣壹仟元折算壹日。緩刑貳年，並應於本判決確定之日起陸個月內，向公庫支付新臺幣陸萬柒仟伍佰元。
2024-01-13 23:28:17,294:ERROR:re_reason => 臺灣彰化地方檢察署 108 年度 偵 字第 10151 號刑事聲請簡易判決處刑書.txt => main_text => 曹正輝犯刑法第一百八十五條之三第一項第一款之服用酒類駕駛動力交通工具罪，處有期徒刑月，如易科罰金，以新臺幣壹仟元折算壹日。
2024-01-13 23:28:17,327:ERROR:re_reason => 臺灣彰化地方檢察署 108 年度 偵 字第 10229 號刑事聲請簡易判決處刑書.txt => main_text => 黃振輝犯竊盜罪，處罰金新臺幣仟元，如易服勞役，以新臺幣壹仟元折算壹日。
2024-01-13 23:28:17,507:ERROR:re_reason => 臺灣彰化地方檢察署 108 年度 偵 字第 10640 號刑事聲請簡易判決處刑書.txt => main_text => 劉宜沛犯商標法第九十七條之意圖販賣而透過網路方式陳列侵害商標權之商品罪，處拘役拾日，如易科罰金，以新臺幣壹仟元折算壹日。扣案之單肩斜肩包壹個沒收。未扣案之犯罪所得新臺幣伍佰柒拾元沒收，於全部或一部不能沒收或不宜執行沒收時，追徵其價額。
2024-01-13 23:28:17,573:ERROR:re_reason => 臺灣彰化地方檢察署 108 年度 偵 字第 1089 號刑事起訴書.txt => main_text => 本件管轄錯誤，移送於臺灣臺中地方法院。
2024-01-13 23:28:17,646:ERROR:re_reason => 臺灣彰化地方檢察署 108 年度 偵 字第 11039 號刑事起訴書.txt => main_text => 、犯罪事實要旨、處罰條文並告知上訴限制、期間及提出上訴狀之法院，且諭知記載其內容：：NGUYENNGOCTHAI（阮玉泰）明知為禁藥而轉讓，處有期徒刑月。扣案之吸食器壹組沒收之。
2024-01-13 23:28:17,765:ERROR:re_reason => 臺灣彰化地方檢察署 108 年度 偵 字第 1130 號刑事起訴書.txt => main_text => 徐正富犯不能安全駕駛動力交通工具致人於死罪，處有期徒刑年肆月。
2024-01-13 23:28:17,798:ERROR:re_reason => 臺灣彰化地方檢察署 108 年度 偵 字第 11367 號刑事聲請簡易判決處刑書.txt => main_text => 謝進意圖營利，聚眾賭博，處有期徒刑月，如易科罰金，以新臺幣壹仟元折算壹日。扣案之六合彩簽單伍張、手機壹支均沒收。游文傳犯賭博罪，處罰金新臺幣仟元，如易服勞役，以新臺幣壹仟元折算壹日。
2024-01-13 23:28:17,813:ERROR:re_reason => 臺灣彰化地方檢察署 108 年度 偵 字第 11399 號刑事聲請簡易判決處刑書.txt => main_text => 王一州、姚宗興、趙雅榛、王裕仁、趙建宗、趙祥宇犯如附表主欄所示之刑。
2024-01-13 23:28:17,819:ERROR:main_text => 臺灣彰化地方檢察署 108 年度 偵 字第 11432 號刑事聲請簡易判決處刑書.txt
2024-01-13 23:28:17,841:ERROR:re_reason => 臺灣彰化地方檢察署 108 年度 偵 字第 11513 號刑事聲請簡易判決處刑書.txt => main_text => 黃明正犯賭博罪，處罰金新臺幣仟元，如易服勞役，以新臺幣壹仟元折算壹日。
2024-01-13 23:28:17,951:ERROR:re_reason => 臺灣彰化地方檢察署 108 年度 偵 字第 11677 號刑事起訴書.txt => main_text => 林國醫犯毀越門窗竊盜罪，累犯，處有期刑捌月。未扣案之犯罪所得手錶貳支、新臺幣參佰元沒收，於全部或一部不能沒收或不宜執行沒收時，追徵其價額。
2024-01-13 23:28:18,548:ERROR:re_reason => 臺灣彰化地方檢察署 108 年度 偵 字第 1477 號刑事聲請簡易判決處刑書.txt => main_text => 楊子輝犯修正前竊盜罪，處拘役拾日，如易科罰金，以新臺幣壹仟元折算壹日。
2024-01-13 23:28:18,717:ERROR:re_reason => 臺灣彰化地方檢察署 108 年度 偵 字第 1782 號刑事起訴書.txt => main_text => 本件管轄錯誤，移送於臺灣臺北地方法院。
2024-01-13 23:28:18,861:ERROR:re_reason => 臺灣彰化地方檢察署 108 年度 偵 字第 2135 號刑事起訴書.txt => main_text => 郭鈺城犯如附表所示之罪，各處如附表所示之刑，應執行有期徒參年捌月。扣案之犯罪所得現金新臺幣拾參萬參仟元、行動電話壹具（廠牌IPHONE6，含SIM卡壹張）均沒收。未扣案之犯罪所得新臺幣肆仟伍佰元沒收，於全部或一部不能沒收時，追徵其價額。
2024-01-13 23:28:18,913:ERROR:re_reason => 臺灣彰化地方檢察署 108 年度 偵 字第 2284 號刑事聲請簡易判決處刑書.txt => main_text => 黃瑞芳後備軍人，意圖避免召集處理，居住處所遷移，無故不依規定申報，致使教育召集令無法送達，累犯，處有期徒刑月，如易科罰金，以新臺幣壹仟元折算壹日。
2024-01-13 23:28:18,949:ERROR:re_reason => 臺灣彰化地方檢察署 108 年度 偵 字第 2349 號刑事聲請簡易判決處刑書.txt => main_text => 謝惠堯、張裕娟、莊進利、謝松賀、蕭滿足均犯賭博罪，各處罰金新臺幣仟元，如易服勞役，均以新臺幣壹仟元折算壹日。扣案之撲克牌肆拾張及賭資新臺幣臺仟臺佰參拾元，均沒收。
2024-01-13 23:28:18,967:ERROR:re_reason => 臺灣彰化地方檢察署 108 年度 偵 字第 2389 號刑事起訴書.txt => main_text => 王崇倫犯如附表編號1、2所示之罪，各處如附表編號1、2所示之刑及沒收。
2024-01-13 23:28:18,990:ERROR:re_reason => 臺灣彰化地方檢察署 108 年度 偵 字第 2475 號刑事聲請簡易判決處刑書.txt => main_text => NGUYENTHANHLONG駕駛動力交通工具，血液中酒精濃度達百分之零點零五以上，處有期徒刑月，如易科罰金，以新臺幣壹仟元折算壹日。緩刑貳年，並應向公庫支付新臺幣貳萬元。
2024-01-13 23:28:19,131:ERROR:re_reason => 臺灣彰化地方檢察署 108 年度 偵 字第 2746 號刑事聲請簡易判決處刑書.txt => main_text => 賴俊廷犯強制罪，處拘役拾日，如易科罰金，以新臺幣壹仟元折算壹日。
2024-01-13 23:28:19,168:ERROR:re_reason => 臺灣彰化地方檢察署 108 年度 偵 字第 2822 號刑事聲請簡易判決處刑書.txt => main_text => 陳鶴祥犯不能安全駕駛動力交通工具罪，處有期徒刑月，如易科罰金，以新臺幣壹仟元折算壹日。
2024-01-13 23:28:19,283:ERROR:re_reason => 臺灣彰化地方檢察署 108 年度 偵 字第 3015 號刑事聲請簡易判決處刑書.txt => main_text => 蕭玉雯犯竊盜罪，處有期徒刑月，如易科罰金，以新臺幣壹仟元折算壹日。
2024-01-13 23:28:19,396:ERROR:re_reason => 臺灣彰化地方檢察署 108 年度 偵 字第 3190 號刑事追加起訴書.txt => main_text => 郭鈺城犯如附表所示之罪，各處如附表所示之刑，應執行有期徒參年捌月。扣案之犯罪所得現金新臺幣拾參萬參仟元、行動電話壹具（廠牌IPHONE6，含SIM卡壹張）均沒收。未扣案之犯罪所得新臺幣肆仟伍佰元沒收，於全部或一部不能沒收時，追徵其價額。
2024-01-13 23:28:19,660:ERROR:re_reason => 臺灣彰化地方檢察署 108 年度 偵 字第 3643 號刑事聲請簡易判決處刑書.txt => main_text => 孫新吉犯侵占遺失物罪，處罰金新臺幣（下同）3,000元，如易服勞役，以1,000元折算1日。未扣案犯罪所得780元，沒收之，於全部或一部不能沒收或不宜執行沒收時，追徵其價額。
2024-01-13 23:28:19,737:ERROR:main_text => 臺灣彰化地方檢察署 108 年度 偵 字第 3838 號刑事起訴書.txt
2024-01-13 23:28:20,019:ERROR:re_reason => 臺灣彰化地方檢察署 108 年度 偵 字第 4282 號刑事聲請簡易判決處刑書.txt => main_text => 馮君綺犯商標法第九十七條之透過網路非法販賣侵害商標權之商品罪，處有期徒刑月，如易科罰金，以新臺幣壹仟元折算壹日。扣案如附表所示之物均沒收。未扣案之犯罪所得新臺幣肆萬元沒收，於全部或一部不能沒收或不宜執行沒收時，追徵其價額。
2024-01-13 23:28:20,072:ERROR:re_reason => 臺灣彰化地方檢察署 108 年度 偵 字第 4456 號刑事聲請簡易判決處刑書.txt => main_text => 林智賢犯不能安全駕駛動力交通工具罪，處有期徒刑月，如易科罰金，以新臺幣壹仟元折算壹日。
2024-01-13 23:28:20,105:ERROR:re_reason => 臺灣彰化地方檢察署 108 年度 偵 字第 4532 號刑事聲請簡易判決處刑書.txt => main_text => 許偉傑犯不能安全駕駛動力交通工具罪，處有期徒刑月，如易科罰金，以新臺幣壹仟元折算壹日。
2024-01-13 23:28:20,320:ERROR:re_amount => 臺灣彰化地方檢察署 108 年度 偵 字第 5135 號刑事聲請簡易判決處刑書.txt => main_text => 張麗珍犯賭博罪，共玖罪，各處罰金新臺幣參仟元，如易服勞役，均以新臺幣壹仟元折算壹日。又犯幫助意圖營利聚眾賭博罪，處有期徒刑貳月，如易科罰金，以新臺幣壹仟元折算一日。罰金部分應執行罰金捌仟元，如易服勞役，以新臺幣壹仟元折算壹日。扣案之今彩539及六合彩簽注單參拾份、對帳單貳張、銀行匯款帳號單壹張，均沒收。 => 錯誤匹配: 部分應執行罰金捌仟
2024-01-13 23:28:20,473:ERROR:re_reason => 臺灣彰化地方檢察署 108 年度 偵 字第 5297 號刑事聲請簡易判決處刑書.txt => main_text => 宋俊卿犯不能安全駕駛動力交通工具罪，處有期徒刑月，如易科罰金，以新臺幣壹仟元折算壹日。
2024-01-13 23:28:20,505:ERROR:re_reason => 臺灣彰化地方檢察署 108 年度 偵 字第 5351 號刑事聲請簡易判決處刑書.txt => main_text => 姜禮石、謝素美、柳乾恩、張次郎、黃坤圖、蕭文風、周蝦、劉蕭茶花犯如附表所示之罪，各處如附表所示之刑。扣案之象棋參拾貳顆、骰子拾伍顆及賭資新臺幣壹萬壹仟柒佰元均沒收。
2024-01-13 23:28:20,567:ERROR:re_reason => 臺灣彰化地方檢察署 108 年度 偵 字第 5527 號刑事聲請簡易判決處刑書.txt => main_text => 王鈞曜犯不能安全駕駛動力交通工具罪，處有期徒刑月，如易科罰金，以新臺幣壹仟元折算壹日。
2024-01-13 23:28:20,712:ERROR:re_reason => 臺灣彰化地方檢察署 108 年度 偵 字第 566 號刑事起訴書.txt => main_text => 第一級毒品海洛因肆包（連同包裝袋肆只）、第二級毒品甲基安非他命貳包（連同包裝袋貳只）、摻有海洛因之香菸參支，均沒收銷燬之。
2024-01-13 23:28:20,715:ERROR:re_reason => 臺灣彰化地方檢察署 108 年度 偵 字第 568 號刑事起訴書.txt => main_text => 本件管轄錯誤，移送於臺灣臺中地方法院。
2024-01-13 23:28:20,740:ERROR:re_reason => 臺灣彰化地方檢察署 108 年度 偵 字第 5745 號刑事聲請簡易判決處刑書.txt => main_text => 許源誠犯違背查封效力罪，累犯，處拘役拾日，如易科罰金，以新臺幣壹仟元折算壹日。
2024-01-13 23:28:20,813:ERROR:re_reason => 臺灣彰化地方檢察署 108 年度 偵 字第 5888 號刑事聲請簡易判決處刑書.txt => main_text => 張中昱犯傷害罪，處有期徒刑月，如易科罰金，以新臺幣壹仟元折算壹日。
2024-01-13 23:28:20,865:ERROR:re_reason => 臺灣彰化地方檢察署 108 年度 偵 字第 6008 號刑事起訴書.txt => main_text => 邱玉茹行使偽造私文書，足以生損害於公眾及他人，處有期徒刑月，如易科罰金，以新臺幣壹仟元折算壹日。偽造之「邱李彩蓮」署名壹枚沒收。
2024-01-13 23:28:21,107:ERROR:re_reason => 臺灣彰化地方檢察署 108 年度 偵 字第 6319 號刑事聲請簡易判決處刑書.txt => main_text => 陳力源犯不能安全駕駛動力交通工具罪，處有期徒刑月，如易科罰金，以新臺幣壹仟元折算壹日。
2024-01-13 23:28:21,123:ERROR:re_reason => 臺灣彰化地方檢察署 108 年度 偵 字第 6381 號刑事聲請簡易判決處刑書.txt => main_text => 謝四福犯不能安全駕駛動力交通工具罪，處有期徒刑月，如易科罰金，以新臺幣壹仟元折算壹日。
2024-01-13 23:28:21,124:ERROR:re_reason => 臺灣彰化地方檢察署 108 年度 偵 字第 6382 號刑事聲請簡易判決處刑書.txt => main_text => 江建緯犯不能安全駕駛動力交通工具罪，處有期徒刑月，如易科罰金，以新臺幣壹仟元折算壹日。緩刑年。
2024-01-13 23:28:21,383:ERROR:re_reason => 臺灣彰化地方檢察署 108 年度 偵 字第 6800 號刑事聲請簡易判決處刑書.txt => main_text => 柔涵犯不能安全駕駛動力交通工具罪，處有期徒刑月，如易科罰金，以新臺幣壹仟元折算壹日。
2024-01-13 23:28:21,619:ERROR:re_reason => 臺灣彰化地方檢察署 108 年度 偵 字第 7119 號刑事聲請簡易判決處刑書.txt => main_text => 陳麗雪犯不能安全駕駛動力交通工具罪，處有期徒刑月，如易科罰金，以新臺幣壹仟元折算壹日。
2024-01-13 23:28:21,702:ERROR:re_reason => 臺灣彰化地方檢察署 108 年度 偵 字第 7267 號刑事起訴書.txt => main_text => 鄭裕昌幫助犯詐欺取財罪，累犯，處有期徒刑月，如易科罰金，以新臺幣壹仟元折算壹日。未扣案之犯罪所得新臺幣柒仟元沒收，於全部或一部不能沒收或不宜執行沒收時，追徵其價額。
2024-01-13 23:28:21,741:ERROR:re_reason => 臺灣彰化地方檢察署 108 年度 偵 字第 7364 號刑事聲請簡易判決處刑書.txt => main_text => 高玉芳犯商標法第九十七條之透過網路非法販賣侵害商標權之商品罪，處有期徒刑月，如易科罰金，以新臺幣壹仟元折算壹日。扣案如附表所示之物、犯罪所得現金新臺幣壹萬貳佰壹拾元均沒收。未扣案之犯罪所得現金新臺幣參萬陸仟元沒收，於全部或一部不能沒收或不宜執行沒收時，追徵其價額。
2024-01-13 23:28:21,831:ERROR:re_reason => 臺灣彰化地方檢察署 108 年度 偵 字第 7608 號刑事聲請簡易判決處刑書.txt => main_text => 楊子輝犯竊盜罪，處有期徒刑月，如易科罰金，以新臺幣壹仟元折算壹日。未扣案之香菸貳包均沒收，於全部或一部不能沒收或不宜執行沒收時，追徵其價額。
2024-01-13 23:28:21,849:ERROR:re_reason => 臺灣彰化地方檢察署 108 年度 偵 字第 7675 號刑事起訴書.txt => main_text => 、犯罪事實要旨、處罰條文並告知上訴限制、期間及提出上訴狀之法院，且諭知記載其內容：：林敏龍犯刑法第305條恐嚇危害安全罪，累犯，處有期徒刑月，如易科罰金，以新臺幣壹仟元折算壹日。
2024-01-13 23:28:21,855:ERROR:re_reason => 臺灣彰化地方檢察署 108 年度 偵 字第 7695 號刑事聲請簡易判決處刑書.txt => main_text => 陳峰智犯不能安全駕駛動力交通工具罪，處有期徒刑月，如易科罰金，以新台幣壹仟元折算壹日。
2024-01-13 23:28:21,864:ERROR:re_reason => 臺灣彰化地方檢察署 108 年度 偵 字第 7715 號刑事聲請簡易判決處刑書.txt => main_text => 李良和犯刑法第一百八十五條之三第一項第一款之服用酒類駕駛動力交通工具罪，處有期徒刑月，如易科罰金，以新臺幣壹仟元折算壹日。
2024-01-13 23:28:21,958:ERROR:re_reason => 臺灣彰化地方檢察署 108 年度 偵 字第 7869 號刑事聲請簡易判決處刑書.txt => main_text => 陳耿稷行使偽造私文書，足以生損害於公眾及他人，處有期徒刑月，如易科罰金，以新臺幣壹仟元折算壹日。偽造之「余經智」署名貳枚沒收。
2024-01-13 23:28:22,935:ERROR:re_reason => 臺灣彰化地方檢察署 108 年度 偵 字第 9946 號刑事起訴書.txt => main_text => 本件管轄錯誤，移送於臺灣南投地方法院。
2024-01-13 23:28:23,023:ERROR:re_reason => 臺灣彰化地方檢察署 108 年度 偵緝 字第 250 號刑事聲請簡易判決處刑書.txt => main_text => 賴俊欣犯修正前竊盜未遂罪，累犯，處有期徒刑月，如易科罰金，以新臺幣壹仟元折算壹日。
2024-01-13 23:28:23,144:ERROR:re_reason => 臺灣彰化地方檢察署 108 年度 偵緝 字第 314 號刑事聲請簡易判決處刑書.txt => main_text => 林永達無故侵入他人住宅，累犯，處有期徒刑月，如易科罰金，以新臺幣壹仟元折算壹日。
2024-01-13 23:28:23,179:ERROR:re_reason => 臺灣彰化地方檢察署 108 年度 偵緝 字第 393 號刑事起訴書.txt => main_text => 許傑森犯侵占罪，處有期徒刑?月，如易科罰金，以新臺幣壹仟元折算壹日。未扣案之犯罪所得電動自行車壹臺沒收，於全部或一部不能沒收或不宜執行沒收時，追徵其價額。
2024-01-13 23:28:23,251:ERROR:re_reason => 臺灣彰化地方檢察署 108 年度 偵緝 字第 517 號刑事聲請簡易判決處刑書.txt => main_text => 徐漢忠犯竊盜罪，累犯，處有期徒刑月，如易科罰金，以新臺幣壹仟元折算壹日。未扣案之犯罪所得行動電源壹個沒收，於全部或一部不能沒收或不宜執行沒收時，追徵其價額。
2024-01-13 23:28:23,283:ERROR:re_reason => 臺灣彰化地方檢察署 108 年度 偵緝 字第 68 號刑事起訴書.txt => main_text => 本件管轄錯誤，移送於臺灣桃園地方法院。
2024-01-13 23:28:23,422:ERROR:re_reason => 臺灣彰化地方檢察署 108 年度 少連偵緝 字第 6 號刑事起訴書.txt => main_text => 本件管轄錯誤，移送於臺灣南投地方法院。
2024-01-13 23:28:23,442:ERROR:main_text => 臺灣彰化地方檢察署 108 年度 撤緩偵 字第 21 號刑事聲請簡易判決處刑書.txt
2024-01-13 23:28:23,818:ERROR:re_reason => 臺灣彰化地方檢察署 108 年度 毒偵 字第 1537 號刑事起訴書.txt => main_text => 巫蒼施用第一級毒品，處有期徒刑月，如易科罰金，以新臺幣壹仟元折算壹日。
2024-01-13 23:28:24,037:ERROR:main_text => 臺灣彰化地方檢察署 108 年度 毒偵 字第 386 號刑事起訴書.txt
2024-01-13 23:28:24,061:ERROR:re_reason => 臺灣彰化地方檢察署 108 年度 毒偵 字第 451 號刑事起訴書.txt => main_text => 原判決之原本及其正本當事人欄應補充「指定辯護人本院公設辯護人陳志忠」。
2024-01-13 23:28:24,194:ERROR:re_reason => 臺灣彰化地方檢察署 108 年度 毒偵 字第 760 號刑事聲請簡易判決處刑書.txt => main_text => 林建志施用第二級毒品，處有期徒刑月，如易科罰金，以新台幣壹仟元折算壹日。扣案之毒品吸食器壹支沒收。
2024-01-13 23:28:24,413:ERROR:re_reason => 臺灣彰化地方檢察署 108 年度 調偵 字第 156 號刑事聲請簡易判決處刑書.txt => main_text => 張凱翔犯不能安全駕駛動力交通工具罪，處有期徒刑月，如易科罰金，以新臺幣壹仟元折算壹日。
2024-01-13 23:28:24,518:ERROR:re_reason => 臺灣彰化地方檢察署 108 年度 調偵 字第 482 號刑事聲請簡易判決處刑書.txt => main_text => 蔡森顯犯商標法第九十七條之意圖販賣而透過網路陳列仿冒商標商品罪，累犯，處拘役拾日，如易科罰金，以新臺幣壹仟元折算壹日。扣案之仿冒手提袋壹件、皮夾壹件均沒收。未扣案之犯罪所得新臺幣玖佰貳拾元沒收，於全部或一部不能沒收或不宜執行沒收時，追徵其價額。
2024-01-13 23:28:24,650:ERROR:re_reason => 臺灣彰化地方檢察署 108 年度 速偵 字第 1006 號刑事聲請簡易判決處刑書.txt => main_text => 石弘達犯不能安全駕駛動力交通工具罪，處有期徒刑月，如易科罰金，以新臺幣壹仟元折算壹日。
2024-01-13 23:28:24,713:ERROR:re_reason => 臺灣彰化地方檢察署 108 年度 速偵 字第 1107 號刑事聲請簡易判決處刑書.txt => main_text => 盧瑞如犯不能安全駕駛動力交通工具罪，處有期徒刑月，如易科罰金，以新臺幣壹仟元折算壹日。
2024-01-13 23:28:24,811:ERROR:re_reason => 臺灣彰化地方檢察署 108 年度 速偵 字第 1253 號刑事聲請簡易判決處刑書.txt => main_text => 張寶珠犯不能安全駕駛動力交通工具罪，處有期徒刑月，如易科罰金，以新台幣壹仟元折算壹日。
2024-01-13 23:28:24,818:ERROR:re_reason => 臺灣彰化地方檢察署 108 年度 速偵 字第 1264 號刑事聲請簡易判決處刑書.txt => main_text => TRUNGNINHVUONG（中文姓名：張明王）犯不能安全駕駛動力交通工具罪，處有期徒刑月，如易科罰金，以新臺幣壹仟元折算壹日。
2024-01-13 23:28:24,836:ERROR:re_reason => 臺灣彰化地方檢察署 108 年度 速偵 字第 1295 號刑事聲請簡易判決處刑書.txt => main_text => 陳瑞明犯不能安全駕駛動力交通工具罪，處有期徒刑月，如易科罰金，以新台幣壹仟元折算壹日。
2024-01-13 23:28:24,850:ERROR:re_reason => 臺灣彰化地方檢察署 108 年度 速偵 字第 1309 號刑事聲請簡易判決處刑書.txt => main_text => 謝維書犯不能安全駕駛動力交通工具罪，處有期徒刑月，如易科罰金，以新臺幣壹仟元折算壹日。
2024-01-13 23:28:24,867:ERROR:re_reason => 臺灣彰化地方檢察署 108 年度 速偵 字第 1330 號刑事聲請簡易判決處刑書.txt => main_text => 陳振家犯不能安全駕駛動力交通工具罪，處有期徒刑月，如易科罰金，以新台幣壹仟元折算壹日。
2024-01-13 23:28:24,940:ERROR:re_reason => 臺灣彰化地方檢察署 108 年度 速偵 字第 1428 號刑事聲請簡易判決處刑書.txt => main_text => 林永堂犯刑法第一百八十五條之三第一項第一款之服用酒類駕駛動力交通工具罪，處有期徒刑月，如易科罰金，以新臺幣壹仟元折算壹日。緩刑貳年，並應於本判決確定之日起陸個月內，向公庫支付新臺幣陸萬柒仟伍佰元。
2024-01-13 23:28:25,125:ERROR:re_reason => 臺灣彰化地方檢察署 108 年度 速偵 字第 1641 號刑事聲請簡易判決處刑書.txt => main_text => 黃進發犯刑法第一百八十五條之三第一項第一款之服用酒類駕駛動力交通工具罪，處有期徒刑月，如易科罰金，以新臺幣壹仟元折算壹日。緩刑貳年，並應於本判決確定之日起陸個月內，向公庫支付新臺幣陸萬柒仟伍佰元。
2024-01-13 23:28:25,163:ERROR:re_reason => 臺灣彰化地方檢察署 108 年度 速偵 字第 1690 號刑事聲請簡易判決處刑書.txt => main_text => 潘玉莓犯不能安全駕駛動力交通工具罪，處有期徒刑月，如易科罰金，以新臺幣壹仟元折算壹日。
2024-01-13 23:28:25,508:ERROR:re_fact => 臺灣彰化地方檢察署 108 年度 速偵 字第 332 號刑事聲請簡易判決處刑書.txt
2024-01-13 23:28:25,539:ERROR:re_reason => 臺灣彰化地方檢察署 108 年度 速偵 字第 373 號刑事聲請簡易判決處刑書.txt => main_text => 黃賢佑犯不能安全駕駛動力交通工具罪，處有期徒刑月，如易科罰金，以新臺幣壹仟元折算壹日。
2024-01-13 23:28:25,564:ERROR:re_reason => 臺灣彰化地方檢察署 108 年度 速偵 字第 410 號刑事聲請簡易判決處刑書.txt => main_text => 林漢君犯不能安全駕駛動力交通工具罪，處有期徒刑月，如易科罰金，以新臺幣壹仟元折算壹日。
2024-01-13 23:28:25,574:ERROR:re_reason => 臺灣彰化地方檢察署 108 年度 速偵 字第 421 號刑事聲請簡易判決處刑書.txt => main_text => 鐘世榮犯不能安全駕駛動力交通工具罪，處有期徒刑月，如易科罰金，以新臺幣壹仟元折算壹日。
2024-01-13 23:28:25,597:ERROR:re_reason => 臺灣彰化地方檢察署 108 年度 速偵 字第 448 號刑事聲請簡易判決處刑書.txt => main_text => 甲○○犯不能安全駕駛動力交通工具罪，累犯，處有期徒刑月，如易科罰金，以新台幣壹仟元折算壹日。
2024-01-13 23:28:25,602:ERROR:re_reason => 臺灣彰化地方檢察署 108 年度 速偵 字第 460 號刑事聲請簡易判決處刑書.txt => main_text => 林志強犯竊盜未遂罪，處罰金新臺幣仟元，如易服勞役，以新臺幣壹仟元折算壹日。
2024-01-13 23:28:25,621:ERROR:re_reason => 臺灣彰化地方檢察署 108 年度 速偵 字第 497 號刑事聲請簡易判決處刑書.txt => main_text => 廖宏振犯不能安全駕駛動力交通工具罪，累犯，處有期徒刑月，如易科罰金，以新台幣壹仟元折算壹日。
2024-01-13 23:28:25,633:ERROR:re_reason => 臺灣彰化地方檢察署 108 年度 速偵 字第 517 號刑事聲請簡易判決處刑書.txt => main_text => 江延祚犯不能安全駕駛動力交通工具罪，累犯，處有期徒刑月，如易科罰金，以新台幣壹仟元折算壹日。
2024-01-13 23:28:25,765:ERROR:re_reason => 臺灣彰化地方檢察署 108 年度 速偵 字第 711 號刑事聲請簡易判決處刑書.txt => main_text => 陳建中犯不能安全駕駛動力交通工具罪，處有期徒刑月，如易科罰金，以新臺幣壹仟元折算壹日。
2024-01-13 23:28:25,785:ERROR:re_reason => 臺灣彰化地方檢察署 108 年度 速偵 字第 734 號刑事聲請簡易判決處刑書.txt => main_text => 張玟盈犯不能安全駕駛動力交通工具罪，處有期徒刑月，如易科罰金，以新臺幣壹仟元折算壹日。
2024-01-13 23:28:25,806:ERROR:re_reason => 臺灣彰化地方檢察署 108 年度 速偵 字第 766 號刑事聲請簡易判決處刑書.txt => main_text => 馬志犯不能安全駕駛動力交通工具罪，處有期徒刑月，如易科罰金，以新臺幣壹仟元折算壹日。
2024-01-13 23:28:25,864:ERROR:re_reason => 臺灣彰化地方檢察署 108 年度 速偵 字第 83 號刑事聲請簡易判決處刑書.txt => main_text => 賀明志犯不能安全駕駛動力交通工具罪，處有期徒刑月，如易科罰金，以新台幣壹仟元折算壹日。
2024-01-13 23:28:25,890:ERROR:re_reason => 臺灣彰化地方檢察署 108 年度 速偵 字第 868 號刑事聲請簡易判決處刑書.txt => main_text => 杜秋霖犯修正前不能安全駕駛動力交通工具罪，累犯，處有期徒刑月，如易科罰金，以新臺幣壹仟元折算壹日。
2024-01-13 23:28:25,895:ERROR:re_reason => 臺灣彰化地方檢察署 108 年度 速偵 字第 873 號刑事聲請簡易判決處刑書.txt => main_text => NGUYENVANDUNG（中文姓名：阮文勇）犯不能安全駕駛動力交通工具罪，處有期徒刑月，如易科罰金，以新臺幣壹仟元折算壹日。
2024-01-13 23:28:25,907:ERROR:re_reason => 臺灣彰化地方檢察署 108 年度 速偵 字第 892 號刑事聲請簡易判決處刑書.txt => main_text => 高明雄犯修正前不能安全駕駛動力交通工具罪，處有期徒刑月，如易科罰金，以新臺幣壹仟元折算壹日。
2024-01-13 23:28:26,060:ERROR:re_reason => 臺灣彰化地方檢察署 109 年度 偵 字第 10209 號刑事聲請簡易判決處刑書.txt => main_text => 賴長成犯不能安全駕駛動力交通工具罪，累犯，處有期徒刑?月，如易科罰金，以新臺幣壹仟元折算壹日。
2024-01-13 23:28:26,179:ERROR:re_reason => 臺灣彰化地方檢察署 109 年度 偵 字第 10723 號刑事起訴書.txt => main_text => 本件管轄錯誤，移送於臺灣臺中地方法院。理由一、公訴意旨略以：被告柯弘億明知嚴重特殊傳染性肺炎為衛生福利部於民國109年1月15日公告，並刊登於行政院公報之第五類法定傳染病，亦明知中央流行疫情指揮中心已於同年1月30日公告自同年2月1日起，全數徵用國內口罩工廠生產之一般醫用口罩及外科手術口罩，民生需求由超商、藥妝、藥局、醫材等通路提供，釋出口罩將限制民眾購買數量之政策，故在109年2月份時國內疫情正值緊張之際，一般民眾獲取口罩極為不易，且其本身亦無可以取得口罩之特殊途徑，竟意圖為自己不法之所有，透過不知情之吳菀瑩向告訴人陳明傑佯稱：其友人陳荃豪(於本案所涉詐欺罪嫌，由檢察官另為不起訴處分)在中國衛生材料生產中心股份有限公司(即俗稱之中衛公司)上班，可以透過此種關係取得口罩云云，待被告見告訴人上當受騙後，遂向不知情之陳荃豪借用其向台新銀行申設之00000000000000號帳戶(下稱台新銀行帳戶)及中國信託銀行帳戶000000000000號帳戶(下稱中國信託帳戶)，並指示告訴人將購買口罩之款項匯入上開帳號。待告訴人於附表所示時間，將共計新臺幣(下同)165萬元之款項匯入上開帳號後，被告開始以各種理由拖延交付口罩，告訴人見狀多次要求被告退款，被告亦僅返還14萬元，告訴人始知其上當受騙。因認被告涉犯刑法第339條第1項之詐欺取財罪嫌等語。二、按案件由犯罪地或被告之住所、居所或所在地之法院管轄。無管轄權之案件，應諭知管轄錯誤之判決，並同時諭知移送於管轄法院，且得不經言詞辯論為之，刑事訴訟法第5條第1項、第304條及第307條分別定有明文。三、經查：(一)被告之住所、居所或所在地部分：1.本案於案發時及檢察官起訴而於110年3月29日繫屬於本院時，被告之住所地均係在臺中市○○區○○○路00○0號，業據被告於警詢及偵查時陳述明確【見109年度偵字第10723號卷(下稱偵卷)第9、275頁】，並有被告之個人戶籍資料查詢結果附卷可參(見本院卷第39頁)。復遍查本案現有卷證資料，並無被告於本案起訴繫屬於本院時在彰化縣設有居所之事實，自難遽論本院為被告住所、居所之法院。2.被告於本案起訴繫屬於本院時，並未在本院所轄區域在監或在押，有被告之臺灣高等法院在監在押全國紀錄表在卷足憑(見本院卷第19頁)。則本院顯非被告所在地之法院至明。(二)犯罪地部分：1.依起訴意旨所示，被告係透過不知情之證人吳菀瑩向告訴人佯稱其友人陳荃豪在中國衛生材料生產中心股份有限公司上班，可以透過此種關係取得口罩云云，詐騙告訴人。而被告業已供稱其係以通訊軟體LINE與證人吳菀瑩聯繫(見偵卷第13頁)。又證人吳菀瑩於警詢時證述渠係居住在臺中市，主要以通訊軟體LINE與被告聯繫等語(見偵卷第81至83頁，住居所見附於偵卷臺灣彰化地方檢察署信封袋內之調查筆錄所載)。告訴人於警詢時則指稱渠居住在臺中市，並於109年2月1日14時1分在公司(位在臺北市)內以網路匯款第1筆9萬元，匯款主要透過公司股東的帳戶及證人吳菀瑩以其友人的帳戶幫忙匯款等情(見偵卷第21至27頁，住居所見附於偵卷臺灣彰化地方檢察署信封袋內之調查筆錄所載)。故並無任何證據證明被告涉犯本案上開罪嫌之犯罪行為地在本院轄區內。2.又依起訴意旨所示，告訴人遭詐欺後，將附表所示款項分別匯入被告指定之台新銀行帳戶及中國信託帳戶。而上開2個帳戶，係因被告信用不佳，故由被告友人陳荃豪(被告與陳荃豪之關係詳卷)在網路線上申請該2個帳戶後，交給被告作為其經營網拍營業收入使用等情，業據證人陳荃豪證述在卷(見偵卷第16、17、277頁)。又中國信託帳戶之開戶日為107年2月19日，因屬網路開戶，故開戶分行為中國信託銀行營業部，開戶地址為臺北市○○區○○○路000號1樓；台新銀行帳戶之開戶日為108年12月30日，因係透過網路線上申請之數位金融帳戶，故所屬分行為址設臺北市○○區○○路0段000號之台新銀行敦南分行等情，有上開2個帳戶之開戶資料(見偵卷第187、227頁)、中國信託商業銀行股份有限公司110年4月9日中信銀字第110224839087142號函及台新國際商業銀行110年4月16日台新作文字第11008617號函(見本院卷第27至31頁)附卷可佐。則告訴人遭詐騙之匯款匯入地即上開2個帳戶所屬開戶分行地點均係在臺北市，要難認被告涉犯本案上開罪嫌之犯罪結果地在本院轄區內。(三)綜上，被告於本案起訴繫屬本院時之住、居所或所在地均不在本院管轄之區域內，且復無任何證據證明被告涉犯本案上開罪嫌之犯罪地在本院管轄之區域內。揆諸前揭說明，本院並無管轄權。從而，公訴人向本院提起公訴，自有未合，爰不經言詞辯論，逕為管轄錯誤之判決，並諭知本案移送於有管轄權之臺灣臺中地方法院。據上論斷，應依刑事訴訟法第304條、第307條，判決如主文。中華民國110年4月30日刑事第三庭審判長法官黃齡玉法官胡佩芬法官林慧欣以上正本證明與原本無異。如不服本判決應於收受判決後20日內向本院提出上訴書狀，並應敘述具體理由。其未敘述上訴理由者，應於上訴期間屆滿後20日內向本院補提理由書(均須按他造當事人之人數附繕本)「切勿逕送上級法院」。告訴人或被害人對於判決如有不服具備理由請求檢察官上訴者，其上訴期間之計算係以檢察官收受判決正本之日期為準。中華民國110年4月30日書記官楊雅芳附表：編號匯款時間匯款帳號匯款金額（新臺幣）1109年2月10日16時39分中國信託帳戶6萬元2109年2月11日17時02分同上10萬元3109年2月11日17時03分同上8萬元4109年2月12日13時36分同上2萬元5109年2月11日17時11分同上10萬元6109年2月11日17時12分同上8萬元7109年2月12日13時33分同上10萬元8109年2月13日13時36分同上10萬元9109年2月13日13時38分同上8萬元10109年2月14日14時10分同上10萬元11109年2月14日14時10分同上8萬元12109年2月17日00時22分同上8萬元13109年2月22日22時13分同上10萬元14109年2月1日14時01分台新銀行帳戶9萬元15109年2月4日16時05分同上20萬元16109年2月4日16時17分同上6萬元17109年2月4日16時36分同上5萬元18109年2月4日16時39分同上5萬元19109年2月10日11時40分同上12萬元
2024-01-13 23:28:26,323:ERROR:re_reason => 臺灣彰化地方檢察署 109 年度 偵 字第 11299 號刑事起訴書.txt => main_text => 」欄所示之罪，各處如附表「主文」欄所示之刑。
2024-01-13 23:28:26,327:ERROR:re_imprisonment => 臺灣彰化地方檢察署 109 年度 偵 字第 11313 號刑事起訴書.txt => main_text => 陳光燦犯如附表編號一至八「主文」欄所示之罪，各處如附表編號一至八「主文」欄所示之刑及沒收。上開處拘役部分（即附表編號二、三、四、六），應執行拘役玖拾日，如易科罰金，以新臺幣壹仟元折算壹日；上開處得易科罰金之有期徒刑部分（即附表編號一、五），應執行有期徒刑伍月，如易科罰金，以新臺幣壹仟元折算壹日；上開處不得易科罰金之有期徒刑部分（即附表編號七、八），應執行有期徒刑玖月。事實一、陳光燦意圖為自己不法之所有，基於竊盜之各別犯意，分別於如附表所示之時間、地點，以附表所示之方式，竊取如附表所示之人之財物。二、案經詹福順、高金山訴由彰化縣警察局員林分局及溪湖分局報告臺灣彰化地方法院檢察署檢察官偵查起訴。理由一、本判決所引用被告陳光燦以外之人於審判外之陳述，公訴人、被告迄於本院言詞辯論終結前，均未聲明異議，且於本院審理時同意有證據能力，本院審酌該等供述證據作成及取得之狀況，並無違法、不當或顯不可信之情形，且認為以之作為證據應屬適當，依刑事訴訟法第159條之5規定，有證據能力。而非供述證據部分，並無證據顯示係實施刑事訴訟程序之公務員違背法定程序所取得之證據，亦無顯有不可信之情況或不得作為證據之情形，故具有證據能力。二、上揭犯罪事實，業據被告於警詢、偵查、本院準備程序及審理中均坦承不諱，核與證人即告訴人詹福順、高金山、證人即被害人袁百里、詹益洋、黃銀砂、林森興於警詢之證述大致相符，並有附表各次監視器畫面、蒐證照片、被害人黃銀砂報案資料、本院民國110年2月23日、3月22日電話洽辦公務紀錄單、彰化縣警察局溪湖分局函文暨員警職務報告等在卷可稽，足認被告之自白與事實相符，堪以採信。本案事證明確，被告犯行洵堪認定，應予依法論科。三、論罪科刑：（一）核被告如附表編號1至6所為，均係犯刑法第320條第1項之竊盜罪（共6罪）；如附表編號7、8所為，均係犯刑法第321條第1項第1款之侵入住宅竊盜罪（共2罪）。被告所犯上開8罪，犯意各別，行為互殊，應予分論併罰。（二）被告前因竊盜案件，經本院以105年度簡字第1870號判決判處有期徒刑4月、4月、4月確定；又因竊盜案件，經本院以105年度易字第1124號判決判處有期徒刑7月、8月、4月確定；又因竊盜案件，經本院以106年度簡字第831號判決判處有期徒刑4月、拘役30日確定；上開各案判處有期徒刑部分，經本院以106年度聲字第954號裁定應執行有期徒刑2年6月確定，前開應執行有期徒刑2年6月、拘役30日接續執行（羈押折抵55日、累進縮刑24日），於108年7月14日縮短刑期執行完畢出監（有期徒刑執畢日為108年6月14日）等情，有臺灣高等法院被告前案紀錄表在卷可稽，其於受有期徒刑執行完畢後，5年內故意再犯本案有期徒刑以上之各罪，均為累犯。參酌司法院釋字第775號解釋意旨，並衡諸被告於本案之犯罪情節，又是和前案罪質相同之竊盜案件，顯然前次處罰無法令其記取教訓，並無因累犯之加重而生罪刑不相當之情形，爰依刑法第47條第1項規定，均加重其刑。（三）爰審酌被告不思以正途獲取所需，恣意竊取他人財物，顯無尊重他人財產權之觀念，所為實屬不該，且其前已有數次竊盜前科，有臺灣高等法院被告前案紀錄表在卷可憑，素行非佳，惟念其犯後坦承犯行，並參以其各次竊取行為之手段平和、情節輕微、各次竊得財物之價值，及其自陳國中畢業之智識程度、因身體不好、沒有工作，貧困交加方為本案各次犯行，現經社會局安置在長期照顧中心擔任志工之生活狀況等一切情狀，分別量處如附表編號1至8「主文」欄所示之刑，並就得易科罰金之拘役及得易科罰金、不得易科罰金之有期徒刑，分別定其應執行刑，及就得易科罰金部分及所定應執行刑諭知易科罰金之折算標準。四、沒收部分：被告竊得如附表編號1所示之物，經向暐晟回收場變賣後取得現金新臺幣（下同）435元一節，有蒐證照片翻拍之估價單可佐（見109年度偵字第11313號卷第22頁），故其竊得如附表編號1所示財物變價換取之435元及竊得如附表編號2至8所示之物，均屬被告之犯罪所得，雖未扣案，仍應依刑法第38條之1第1項、第3項規定，分別於附表各編號主文項下宣告沒收，並諭知於全部或一部不能沒收或不宜執行沒收時，追徵其價額。據上論斷，應依刑事訴訟法第299條第1項前段，判決如主文。本案經檢察官吳曉婷、鄭積揚提起公訴，檢察官陳詠薇到庭執行職務。中華民國110年5月12日刑事第三庭法官胡佩芬以上正本證明與原本無異。如不服本判決應於收受判決後20日內向本院提出上訴書狀，並應敘述具體理由。其未敘述上訴理由者，應於上訴期間屆滿後20日內向本院補提理由書（均須按他造當事人之人數附繕本）「切勿逕送上級法院」。告訴人或被害人如對本判決不服者，應具備理由請求檢察官上訴，其上訴期間之計算係以檢察官收受判決正本之日期為準。中華民國110年5月12日書記官林明俊附錄本案論罪科刑法條：中華民國刑法第320條第1項意圖為自己或第三人不法之所有，而竊取他人之動產者，為竊盜罪，處5年以下有期徒刑、拘役或50萬元以下罰金。中華民國刑法第321條犯前條第1項、第2項之罪而有下列情形之一者，處6月以上5年以下有期徒刑，得併科50萬元以下罰金：一、侵入住宅或有人居住之建築物、船艦或隱匿其內而犯之。二、毀越門窗、牆垣或其他安全設備而犯之。三、攜帶兇器而犯之。四、結夥三人以上而犯之。五、乘火災、水災或其他災害之際而犯之。六、在車站、港埠、航空站或其他供水、陸、空公眾運輸之舟、車、航空機內而犯之。前項之未遂犯罰之。附表：編號被害人時間、地點方式竊得財物主文1袁百里109年9月23日5時30分許、袁百里所管領位在彰化縣○○鄉○○巷0號之百姓公廟徒手為之銅製花瓶2個、銅製香爐1個、敬茶盤1個、銅製燭台4個（價值合計為4,000元）陳光燦犯竊盜罪，累犯，處有期徒刑肆月，如易科罰金，以新臺幣壹仟元折算壹日。未扣案之犯罪所得新臺幣肆佰參拾伍元沒收，於全部或一部不能沒收或不宜執行沒收時，追徵其價額。2詹益洋109年9月13日9時4分許、詹益洋所管領位在彰化縣○○鄉○○路000巷0號之受清宮徒手為之餅乾2盒及巧克力數顆（價值合計為200元）陳光燦犯竊盜罪，累犯，處拘役參拾日，如易科罰金，以新臺幣壹仟元折算壹日。未扣案如左列「竊得財物」欄所示之犯罪所得沒收，於全部或一部不能沒收或不宜執行沒收時，追徵其價額。3詹益洋109年9月17日7時25分許、詹益洋所管領位在彰化縣○○鄉○○路000巷0號之受清宮徒手為之蘋果1粒、芒果1粒、梨子1粒、香蕉3根（價值合計為400元）陳光燦犯竊盜罪，累犯，處拘役參拾日，如易科罰金，以新臺幣壹仟元折算壹日。未扣案如左列「竊得財物」欄所示之犯罪所得沒收，於全部或一部不能沒收或不宜執行沒收時，追徵其價額。4詹益洋109年9月20日6時55分許、詹益洋所管領位在彰化縣○○鄉○○路000巷0號之受清宮徒手為之蘋果1粒、梨子1粒、香蕉1根（價值合計為250元）陳光燦犯竊盜罪，累犯，處拘役參拾日，如易科罰金，以新臺幣壹仟元折算壹日。未扣案如左列「竊得財物」欄所示之犯罪所得沒收，於全部或一部不能沒收或不宜執行沒收時，追徵其價額。5黃銀砂109年9月20日9時3分許、黃銀砂所管領位在彰化縣○○鄉○○路0段00號之甘霖宮徒手為之礦泉水3瓶及銅製花瓶2個（價值合計為8,060元）陳光燦犯竊盜罪，累犯，處有期徒刑肆月，如易科罰金，以新臺幣壹仟元折算壹日。未扣案如左列「竊得財物」欄所示之犯罪所得沒收，於全部或一部不能沒收或不宜執行沒收時，追徵其價額。6詹福順109年9月27日7時45分許、詹福順所管領位在彰化縣○○鄉○○路000號之芳濟宮徒手為之瓦斯爐爐心2個（價值合計為100元）陳光燦犯竊盜罪，累犯，處拘役參拾日，如易科罰金，以新臺幣壹仟元折算壹日。未扣案如左列「竊得財物」欄所示之犯罪所得沒收，於全部或一部不能沒收或不宜執行沒收時，追徵其價額。7林森興109年10月27日9時15分許、林森興位在彰化縣○○鄉○○路000巷0號三合院住處之公媽廳侵入住宅後徒手為之香爐1個（價值不詳）陳光燦犯侵入住宅竊盜罪，累犯，處有期徒刑柒月。未扣案如左列「竊得財物」欄所示之犯罪所得沒收，於全部或一部不能沒收或不宜執行沒收時，追徵其價額。8高金山109年10月7日23時24分許、高金山位在彰化縣○○鄉○○路00巷00號三合院住處之神明廳侵入住宅後徒手為之香爐1個、蠟燭台2對、銅製酒杯6個及銅製杯架2個（價值合計為1萬元）陳光燦犯侵入住宅竊盜罪，累犯，處有期徒刑捌月。未扣案如左列「竊得財物」欄所示之犯罪所得沒收，於全部或一部不能沒收或不宜執行沒收時，追徵其價額。 => 錯誤匹配: 執畢
2024-01-13 23:28:26,402:ERROR:re_reason => 臺灣彰化地方檢察署 109 年度 偵 字第 11629 號刑事起訴書.txt => main_text => 欄所示之刑（含主刑及沒收）。
2024-01-13 23:28:26,584:ERROR:re_reason => 臺灣彰化地方檢察署 109 年度 偵 字第 12262 號刑事起訴書.txt => main_text => 」欄所示之罪，各處如附表「主文」欄所示之刑。
2024-01-13 23:28:26,651:ERROR:re_reason => 臺灣彰化地方檢察署 109 年度 偵 字第 12572 號刑事起訴書.txt => main_text => 王幼翔犯附表所示之罪，各處「宣告刑」欄所示之刑及沒收。得易科罰金之有期徒刑部分，應執行捌月，如易科罰金，以新臺幣壹仟元折算壹日。
2024-01-13 23:28:26,947:ERROR:re_reason => 臺灣彰化地方檢察署 109 年度 偵 字第 13843 號刑事起訴書.txt => main_text => 本案管轄錯誤，移送於臺灣新竹地方法院。
2024-01-13 23:28:27,116:ERROR:re_reason => 臺灣彰化地方檢察署 109 年度 偵 字第 1652 號刑事起訴書.txt => main_text => 本案管轄錯誤，移送於臺灣士林地方法院。
2024-01-13 23:28:27,250:ERROR:re_reason => 臺灣彰化地方檢察署 109 年度 偵 字第 2026 號刑事聲請簡易判決處刑書.txt => main_text => 吳浚瑜犯不能安全駕駛動力交通工具罪，處有期徒刑月，如易科罰金，以新台幣壹仟元折算壹日。
2024-01-13 23:28:27,321:ERROR:re_reason => 臺灣彰化地方檢察署 109 年度 偵 字第 2277 號刑事聲請簡易判決處刑書.txt => main_text => 林孟潔犯不能安全駕駛動力交通工具罪，累犯，處有期徒刑月，如易科罰金，以新臺幣壹仟元折算壹日。
2024-01-13 23:28:27,365:ERROR:re_reason => 臺灣彰化地方檢察署 109 年度 偵 字第 2443 號刑事起訴書.txt => main_text => 李名鴻犯修正前販賣第二級毒品罪，共貳罪，各處有期徒刑?年柒月。應執行有期徒刑?年拾月。
2024-01-13 23:28:27,467:ERROR:re_reason => 臺灣彰化地方檢察署 109 年度 偵 字第 2762 號刑事聲請簡易判決處刑書.txt => main_text => 欄所示之罪，各處如附表主文欄所示之刑。
2024-01-13 23:28:27,807:ERROR:re_reason => 臺灣彰化地方檢察署 109 年度 偵 字第 3641 號刑事聲請簡易判決處刑書.txt => main_text => 江美惠犯商標法第九十七條之非法販賣侵害商標權之商品罪，處有期徒刑月，如易科罰金，以新臺幣壹仟元折算壹日。扣案現金新臺幣壹萬伍仟元及附表一所示之物均沒收。
2024-01-13 23:28:28,142:ERROR:re_reason => 臺灣彰化地方檢察署 109 年度 偵 字第 4468 號刑事聲請簡易判決處刑書.txt => main_text => 曾品瑜意圖使女子與他人為性交之行為，而容留以營利，處有期徒刑?月，如易科罰金，以新臺幣壹仟元折算壹日。未扣案之犯罪所得新臺幣參萬參仟元沒收，於全部或一部不能沒收或不宜執行沒收時，追徵其價額。
2024-01-13 23:28:28,232:ERROR:re_reason => 臺灣彰化地方檢察署 109 年度 偵 字第 4756 號刑事聲請簡易判決處刑書.txt => main_text => 楊國樑犯商標法第九十七條之非法販賣侵害商標權之商品罪，處拘役?拾日，如易科罰金，以新臺幣壹仟元折算壹日。扣案如附表所示之物均沒收，未扣案之犯罪所得新臺幣貳仟元沒收，於全部或一部不能沒收或不宜執行沒收時，追徵其價額。
2024-01-13 23:28:28,251:ERROR:re_reason => 臺灣彰化地方檢察署 109 年度 偵 字第 4815 號刑事聲請簡易判決處刑書.txt => main_text => 許金全犯踰越牆垣侵入住宅竊盜罪，處有徒刑陸月，如易科罰金，以新臺幣壹仟元折算壹日。緩刑貳年，緩刑期間付保護管束，並向指定之政府機關、政府機構、行政法人、社區或其他符合公益目的之機構或團體提供肆拾小時之義務勞務。
2024-01-13 23:28:28,445:ERROR:re_reason => 臺灣彰化地方檢察署 109 年度 偵 字第 5479 號刑事聲請簡易判決處刑書.txt => main_text => 洪瑞蓮犯賭博罪，處罰金新臺幣仟元，如易服勞役，以新臺幣壹仟元折算壹日。
2024-01-13 23:28:28,680:ERROR:re_reason => 臺灣彰化地方檢察署 109 年度 偵 字第 6166 號刑事聲請簡易判決處刑書.txt => main_text => 邱創一於公務員依法執行職務時，當場侮辱，處拘役?拾日，如易科罰金，以新臺幣壹仟元折算壹日。
2024-01-13 23:28:28,694:ERROR:re_reason => 臺灣彰化地方檢察署 109 年度 偵 字第 6195 號刑事聲請簡易判決處刑書.txt => main_text => 本件管轄錯誤，移送於臺灣南投地方法院。
2024-01-13 23:28:28,860:ERROR:re_reason => 臺灣彰化地方檢察署 109 年度 偵 字第 6739 號刑事聲請簡易判決處刑書.txt => main_text => 詹文賢因過失而以他法致生火車往來之危險，處有期徒刑?月，如易科罰金，以新臺幣壹仟元折算壹日。
2024-01-13 23:28:28,863:ERROR:re_reason => 臺灣彰化地方檢察署 109 年度 偵 字第 6760 號刑事起訴書.txt => main_text => 黃敬凱犯附表所示之罪，各處「宣告刑」欄所示之刑及沒收，得易科罰金之有期徒刑部分（編號1、2），應執行柒月，如易科罰金，以新臺幣壹仟元折算壹日。
2024-01-13 23:28:28,969:ERROR:re_reason => 臺灣彰化地方檢察署 109 年度 偵 字第 6971 號刑事聲請簡易判決處刑書.txt => main_text => 謝宜靜犯竊盜罪，累犯，處拘役?拾日，如易科罰金，以新臺幣壹仟元折算壹日。
2024-01-13 23:28:29,562:ERROR:re_reason => 臺灣彰化地方檢察署 109 年度 偵 字第 88 號刑事起訴書.txt => main_text => 王鴻海犯附表一所示之罪，各處「宣告刑」欄所示之刑。不得易科罰金之有期徒刑部分，應執行壹年貳月。得易科罰金之有期徒刑部分，應執行陸月，如易科罰金，以新臺幣壹仟元折算壹日。拘役部分，應執行壹佰貳拾日，如易科罰金，以新臺幣壹仟元折算壹日。均緩刑參年，並應履行附表二所示內容。
2024-01-13 23:28:29,651:ERROR:re_reason => 臺灣彰化地方檢察署 109 年度 偵 字第 9116 號刑事起訴書.txt => main_text => 本件管轄錯誤，移送於臺灣臺南地方法院。
2024-01-13 23:28:29,773:ERROR:main_text => 臺灣彰化地方檢察署 109 年度 偵 字第 9612 號刑事起訴書.txt
2024-01-13 23:28:30,066:ERROR:re_imprisonment => 臺灣彰化地方檢察署 109 年度 少連偵 字第 158 號刑事起訴書.txt => main_text => 乙○○與少年共同犯竊盜罪，累犯，處有期徒刑陸月，如易科罰金，以新臺幣壹仟元折算壹日。未扣案犯罪所得新臺幣肆萬元沒收，於全部或一部不能沒收或不宜執行沒收時，追徵其價額。犯罪事實一、乙○○因劉○○（未滿18歲，真實姓名年籍資料詳卷，其母親楊○霞未提告訴）無錢賠償之前損壞其住處物品之損失，遂與劉○○共同基於意圖為自己不法所有之竊盜犯意聯絡，2人透過臉書通訊軟體messenger密謀進入劉○○與其母親楊○霞共同位於彰化縣社頭鄉員集路之住處(真實地址詳卷)，竊取楊○霞之財物，以賠償乙○○之損失，劉○○乃將其住處鑰匙交給乙○○並告以楊○霞之財物藏放處，以利乙○○進入其住處竊取楊○霞之財物，其後，乙○○即於民國109年6月27日上午8時許，騎乘其向不知情之張育瑄所借用之車牌號碼000-000號重型機車至劉○○前開住處，持上開鑰匙進入以竊取楊○霞放在住處內之現金新臺幣（下同）4萬元，得手後，騎乘機車離去。二、案經甲○○訴由彰化縣警察局田中分局報告臺灣彰化地方檢察署檢察官偵查起訴。理由甲、證據能力部分：本判決下列引用以認定被告犯罪事實之供述及非供述證據，被告或同意證據能力（本院卷第60頁），或未於言詞辯論終結前聲明異議，復查無不法取得之違法情事，並為證明犯罪事實存否所必要，及經本院踐行合法調查證據程序，是認均具有證據能力。乙、認定犯罪事實所憑之證據及理由：一、上揭犯罪事實，業經被告坦承不諱，核與證人即告訴人楊○霞於警詢證述遭竊之情節；證人即共犯劉○○於警偵證述行竊之情節；證人張育瑄於警詢證述其出借機車給被告之情節，各大致相符，並有楊○霞、張育瑄之指認犯罪嫌疑人紀錄表、監視器錄影畫面擷圖、臉書通訊軟體messenger之對話擷圖、車牌號碼000-000號機車車輛詳細資料報表（見偵卷第15至18、20至26頁）在卷可參。堪認被告之自白與事實相符，其犯行堪予認定，事證明確，應依法論科。二、核被告所為，係犯刑法第320條第1項之竊盜罪。被告與劉○○有犯意聯絡及行為分擔，應依刑法第28條規定，論以共同正犯。被告行為時為成年人，與未滿18歲之少年劉○○共犯本案（有其等年籍資料在卷可參），應依兒童及少年福利與權益保障法第112條第1項前段規定，加重其刑。檢察官起訴固認被告所為係犯侵入住宅加重竊盜罪，然被害人楊○霞與其子劉○○同住，被告顯係經有居住權人之共犯劉○○之同意，持劉○○交付之鑰匙進入楊○霞與劉○○共同之住處行竊，尚難認符合「侵入住宅」之加重竊盜要件，然起訴之基本社會事實同一，本院自應依刑事訴訟法第300條規定變更起訴法條。三、經查，被告前因①詐欺案件，經臺灣臺中地方法院（下稱臺中地院）以103年度訴字第1894號判決判處應執行有期徒刑1年5月確定；②詐欺案件，經臺中地院以108年度訴更二字第7號判決判處有期徒刑1年1月。上開①案件經入監服刑，於105年6月27日假釋出監並付保護管束，於105年8月3日保護管束期滿，假釋未經撤銷，視為執行完畢，其後①②案件經臺中地院裁定定應執行有期徒刑1年7月（因羈押日數折抵而執行完畢，無需再入監執行）等情，有臺灣高等法院被告前案紀錄表在卷可憑。是被告於受有期徒刑執行完畢5年以內，故意再犯本件有期徒刑以上之罪，符合刑法第47條第1項所規定之累犯。茲參酌大法官第775號解釋意旨，審酌被告前開構成累犯之前案中，不乏有侵害他人財產法益之財產犯罪，又犯本案侵害他人財產權之犯行，顯見就是類犯罪具特別惡性，刑罰之反應力薄弱，依其本案所犯情節，難認有因適用刑法第47條第1項規定加重最低本刑致無法處以最低法定本刑而有所受刑罰超過所應負擔罪責之罪刑不相當的過苛情形。是應依前開累犯及刑法第70條之規定，遞加重其刑。四、爰以行為人之責任為基礎，審酌被告不思以正當途徑獲取所需財物，竟與少年共犯竊盜，欠缺尊重他人財產權及法治之正確觀念，實為不該，考量其犯罪動機、目的、手段、犯罪所生危害、竊取財物多寡、坦承犯行，並與被害人楊○霞達成調解（雙方約定被告出監後再支付和解金），此經被告與被害人楊○霞陳述在卷，及被告前科素行（參卷附臺灣高等法院被告前案紀錄表），暨其自陳：我國中肄業，沒有專長及證照，離婚，有1個就讀國小1年級的小孩由前妻照顧，入監所前我租屋住並受僱做板模，平均月薪約6至8萬元左右，無欠債等語之智識程度、家庭生活及經濟狀況等一切情狀，量處如主文所示之刑，並諭知易科罰金之折算標準。五、被告竊得之4萬元為其犯罪所得，並未扣案，亦尚未償還被害人，應依刑法第38條之1第1項、第3項規定宣告沒收，於全部或一部不能沒收或不宜執行沒收時，追徵其價額。據上論斷，依刑事訴訟法第273條之1第1項、第299條第1項前段，判決如主文。本案經檢察官施教文提起公訴，檢察官廖偉志到庭執行職務。中華民國110年3月31日刑事第五庭法官吳芙如以上正本證明與原本無異。如不服本判決應於收受判決後20日內向本院提出上訴書狀，並應敘述具體理由。其未敘述上訴理由者，應於上訴期間屆滿後20日內向本院補提理由書（均須按他造當事人之人數附繕本）「切勿逕送上級法院」。告訴人或被害人對於判決如有不服具備理由請求檢察官上訴者，其上訴期間之計算係以檢察官收受判決正本之日期為準。中華民國110年3月31日書記官林盛輝附錄本案論罪科刑法條全文：中華民國刑法第320條意圖為自己或第三人不法之所有，而竊取他人之動產者，為竊盜罪，處5年以下有期徒刑、拘役或50萬元以下罰金。意圖為自己或第三人不法之利益，而竊佔他人之不動產者，依前項之規定處斷。前二項之未遂犯罰之。 => 錯誤匹配: 因羈押
2024-01-13 23:28:30,075:ERROR:re_reason => 臺灣彰化地方檢察署 109 年度 少連偵 字第 22 號刑事起訴書.txt => main_text => 陳家容成年人與少年共同犯販賣第三級毒品未遂罪，累犯，處有期徒刑年貳月。扣案如附表一、二所示之物均沒收。
2024-01-13 23:28:30,277:ERROR:re_reason => 臺灣彰化地方檢察署 109 年度 撤緩毒偵 字第 28 號刑事聲請簡易判決處刑書.txt => main_text => 施秀姍施用第二級毒品，處有期徒刑月，如易科罰金，以新台幣壹仟元折算壹日。
2024-01-13 23:28:30,719:ERROR:re_reason => 臺灣彰化地方檢察署 109 年度 調偵 字第 430 號刑事聲請簡易判決處刑書.txt => main_text => 李中平犯刑法第一百八十五條之三第一項第一款之服用酒類駕駛動力交通工具罪，累犯，處有期徒刑?月，如易科罰金，以新臺幣壹仟元折算壹日。
2024-01-13 23:28:30,819:ERROR:re_reason => 臺灣彰化地方檢察署 109 年度 速偵 字第 102 號刑事聲請簡易判決處刑書.txt => main_text => 洪溪重犯不能安全駕駛動力交通工具罪，處有期徒刑月，如易科罰金，以新臺幣壹仟元折算壹日。
2024-01-13 23:28:31,077:ERROR:re_reason => 臺灣彰化地方檢察署 109 年度 速偵 字第 1288 號刑事聲請簡易判決處刑書.txt => main_text => 蘇仁堉犯不能安全駕駛動力交通工具罪，處有期徒刑?月，如易科罰金，以新台幣壹仟元折算壹日。
2024-01-13 23:28:31,145:ERROR:re_reason => 臺灣彰化地方檢察署 109 年度 速偵 字第 1351 號刑事聲請簡易判決處刑書.txt => main_text => 簡上景犯不能安全駕駛動力交通工具罪，處有期徒刑?月，如易科罰金，以新台幣壹仟元折算壹日。
2024-01-13 23:28:31,805:ERROR:re_reason => 臺灣彰化地方檢察署 109 年度 速偵 字第 224 號刑事聲請簡易判決處刑書.txt => main_text => 原判決之原本及其正本犯罪事實及理由欄第一項部分應更正為「本件犯罪事實、證據及所犯法條，除犯罪日期應更正為民國108年12月12日外，其餘均引用如附件臺灣彰化地方檢察署檢察官聲請簡易判決處刑書之記載」。
2024-01-13 23:28:31,863:ERROR:re_reason => 臺灣彰化地方檢察署 109 年度 速偵 字第 284 號刑事聲請簡易判決處刑書.txt => main_text => 林憲德犯不能安全駕駛動力交通工具罪，處有期徒刑月，如易科罰金，以新台幣壹仟元折算壹日。
2024-01-13 23:28:31,881:ERROR:re_reason => 臺灣彰化地方檢察署 109 年度 速偵 字第 299 號刑事聲請簡易判決處刑書.txt => main_text => 許文漢犯不能安全駕駛動力交通工具罪，處有期徒刑月，如易科罰金，以新台幣壹仟元折算壹日。
2024-01-13 23:28:31,958:ERROR:re_reason => 臺灣彰化地方檢察署 109 年度 速偵 字第 379 號刑事聲請簡易判決處刑書.txt => main_text => 蔡木火犯不能安全駕駛動力交通工具罪，處有期徒刑月，如易科罰金，以新台幣壹仟元折算壹日。
2024-01-13 23:28:31,968:ERROR:re_reason => 臺灣彰化地方檢察署 109 年度 速偵 字第 390 號刑事聲請簡易判決處刑書.txt => main_text => 張家豪犯不能安全駕駛動力交通工具罪，處有期徒刑月，如易科罰金，以新台幣壹仟元折算壹日。
2024-01-13 23:28:31,975:ERROR:re_reason => 臺灣彰化地方檢察署 109 年度 速偵 字第 4 號刑事聲請簡易判決處刑書.txt => main_text => 劉佳盈意圖營利，聚眾賭博，處有期徒刑月，如易科罰金，以新臺幣壹仟元折算壹日。扣案之六合彩記帳簿壹本沒收。
2024-01-13 23:28:32,085:ERROR:re_reason => 臺灣彰化地方檢察署 109 年度 速偵 字第 515 號刑事聲請簡易判決處刑書.txt => main_text => 林榮派意圖營利，聚眾賭博，處有期徒刑月，如易科罰金，以新臺幣壹仟元折算壹日。扣案之四色牌拾肆副及抽頭金新臺幣參佰元均沒收。
2024-01-13 23:28:32,099:ERROR:re_reason => 臺灣彰化地方檢察署 109 年度 速偵 字第 526 號刑事聲請簡易判決處刑書.txt => main_text => 游明俊犯刑法第一百八十五條之三第一項第一款之服用酒類駕駛動力交通工具罪，處有期徒刑月，如易科罰金，以新臺幣壹仟元折算壹日。
2024-01-13 23:28:32,117:ERROR:re_reason => 臺灣彰化地方檢察署 109 年度 速偵 字第 540 號刑事聲請簡易判決處刑書.txt => main_text => 張育晴犯不能安全駕駛動力交通工具罪，處有期徒刑月，如易科罰金，以新台幣壹仟元折算壹日。
2024-01-13 23:28:32,304:ERROR:re_reason => 臺灣彰化地方檢察署 109 年度 速偵 字第 628 號刑事聲請簡易判決處刑書.txt => main_text => 劉錦德犯不能安全駕駛動力交通工具罪，處有期徒刑月，如易科罰金，以新台幣壹仟元折算壹日。
2024-01-13 23:28:32,464:ERROR:re_reason => 臺灣彰化地方檢察署 109 年度 速偵 字第 809 號刑事聲請簡易判決處刑書.txt => main_text => 張勝傑於公務員依法執行職務時，當場侮辱，累犯，處拘役拾日，如易科罰金，以新臺幣壹仟元折算壹日。
2024-01-13 23:28:32,470:ERROR:re_reason => 臺灣彰化地方檢察署 109 年度 速偵 字第 816 號刑事聲請簡易判決處刑書.txt => main_text => 黃永豐犯不能安全駕駛動力交通工具罪，處有期徒刑月，如易科罰金，以新台幣壹仟元折算壹日。
2024-01-13 23:28:32,654:ERROR:main_text => 臺灣彰化地方檢察署 110 年度 偵 字第 1316 號刑事聲請簡易判決處刑書.txt
2024-01-13 23:28:32,804:ERROR:re_imprisonment => 臺灣彰化地方檢察署 110 年度 偵 字第 4124 號刑事聲請簡易判決處刑書.txt => main_text => 吳建璋犯竊盜罪，累犯，處有期徒刑參月，如易科罰金，以新臺幣壹仟元折算壹日；又犯竊盜罪，累犯，處拘役參拾日，如易科罰金，以新臺幣壹仟元折算壹日。未扣案之窗型冷氣機貳臺、大衛杜夫牌香菸壹條及現金新臺幣柒佰元均沒收，於全部或一部不能沒收或不宜執行沒收時，追徵其價額。犯罪事實及理由一、本案犯罪事實及證據，除補充彰化縣警察局北斗分局埤頭分駐所受理各類案件紀錄表1紙外，其餘均與檢察官聲請簡易判決處刑書之記載相同，茲引用如附件。二、核被告吳建璋所為，均係犯刑法第320條第1項之竊盜罪。被告先後2次竊盜犯行，犯意各別，行為互異，應予分論併罰。又被告前曾因施用毒品及竊盜等案件，經本院先後以106年度訴字第1176、1345、1425號、107年度訴字第34號、107年度易字第531號判決，各判處有期徒刑7月、8月、7月、4月、9月、10月確定，嗣經定應執行有期徒刑3年2月，入監執行後，於民國109年3月18日縮短刑期假釋出監，同年8月31日假釋期滿未經撤銷視為執行完畢，此有臺灣高等法院被告前案紀錄表附卷足佐，被告於受有期徒刑執行完畢後，5年內故意再犯本件有期徒刑以上之罪，均為累犯，參酌司法院大法官會議釋字第775號解釋意旨，本件被告依其犯罪情節，並無處以法定最輕本刑仍顯過苛之情形，自應依刑法第47條第1項規定，均加重其刑。爰審酌被告前曾因竊盜案件，經本院判處罪刑在案，有上開臺灣高等法院被告前案紀錄表可參，猶不知警惕，任意竊取他人之財物，顯示其行為偏差，且法治觀念薄弱，惟考量被告犯後坦認犯行，態度尚佳，兼衡被告犯罪之動機、手段、本案中各次竊取之財物價值，自述高職肄業之教育程度、業工、家庭經濟狀況勉持等一切情狀，就犯罪事實欄一㈠、㈡部分，分別量處有期徒刑3月及拘役30日，並均諭知易科罰金之折算標準。三、被告因本案之犯罪所得窗型冷氣機2台、大衛杜夫牌香菸1條及現金新臺幣700元，雖未扣案，仍應依刑法第38之1第1項規定宣告沒收，於全部或一部不能沒收或不宜執行沒收時，依同條第3項規定追徵其價額。四、依刑事訴訟法第449條第1項、第450條第1項、第454條第2項，逕以簡易判決處刑如主文。五、如不服本判決，得自收受送達之翌日起20日內向本院提出上訴狀，上訴於本院第二審合議庭（須附繕本）。本案經檢察官王銘仁聲請簡易判決處刑。中華民國110年5月12日刑事第九庭法官王義閔以上正本證明與原本無異。如不服本件判決，得自收受送達之日起20日內，表明上訴理由，向本庭提起上訴狀（須附繕本）。告訴人或被害人對於判決如有不服具備理由請求檢察官上訴者，其上訴期間之計算係以檢察官收受判決正本之日期為準。中華民國110年5月12日書記官廖涵萱附錄本案論罪科刑法條全文：中華民國刑法第320條意圖為自己或第三人不法之所有，而竊取他人之動產者，為竊盜罪，處5年以下有期徒刑、拘役或50萬元以下罰金。意圖為自己或第三人不法之利益，而竊佔他人之不動產者，依前項之規定處斷。前二項之未遂犯罰之。附件臺灣彰化地方檢察署檢察官聲請簡易判決處刑書110年度偵字第4124號被告吳建璋男00歲（民國00年0月0日生）住彰化縣○○鄉○○村○○巷000○0號國民身分證統一編號：0000000000號(現於○○部○○署○○○○所附設勒戒處所觀察、勒戒中)上列被告因竊盜案件，業經偵查終結，認為宜聲請以簡易判決處刑，茲將犯罪事實及證據並所犯法條分敘如下：犯罪事實一、吳建璋前因施用毒品、竊盜等案件，經法院分別判處有期徒刑7月、8月、7月、4月、9月、10月，合併定應執行刑有期徒刑3年2月確定，於民國109年8月31日假釋付保護管束期滿未經撤銷，以已執行論。詎仍不知悔改，意圖為自己不法之所有，基於竊盜之犯意，分別為下列行為：㈠於110年2月19日19時20分許，駕駛車牌號碼000-0000號普通重型機車，至張瑪㻳位於彰化縣○○鄉○○○路000號處所，見該處無人居住，即自該處大門旁空隙進入，徒手竊取該處窗型冷氣機2台，得手後放置在上開機車離去，並將上開竊得冷氣機2台變賣予不詳之資源回收商，得款新臺幣(下同)2,100元後花用殆盡。㈡於110年2月22日23時59分許，在彰化縣○○鄉○○街000號前，見許萬宗所有車牌號碼00-0000號自用小客車放置在該處，趁該車輛車門未上鎖且無人看管之際，徒手竊取車內之大衛杜夫牌香菸1條、零錢700元，得手後將上開竊得物品花用殆盡。二、案經彰化縣警察局北斗分局報告偵辦。證據並所犯法條一、上揭犯罪事實，業據被告吳建璋於警詢及偵查中坦承不諱，核與證人即被害人許萬宗、張瑪㻳於警詢時之證述情節相符，並有員警職務報告、監視器影像擷取照片3張、查獲及現場照片8張、車輛詳細資料報表等在卷可稽，足徵被告自白與事實相符，其犯嫌堪以認定。二、核被告所為，均係犯刑法第320條第1項之竊盜罪嫌。其所涉上開2犯行間，犯意個別，行為殊異，請予分論併罰。又被告曾受如犯罪事實欄所述之有期徒刑執行完畢後，有本署刑案資料查註紀錄表在卷可參，其於5年內故意再犯本件有期徒刑以上之2罪，均為累犯，請依刑法第47條第1項規定，酌情加重其刑。又上開遭竊冷氣機2台、大衛杜夫牌香菸1條、零錢700元，係被告因實現本案竊盜所獲得之財物，核屬被告所有之犯罪所得，並未扣案，亦未歸還被害人許萬宗、張瑪㻳，業據被告供陳在卷，請依刑法第38條之1第1項規定宣告沒收，如全部或一部不能沒收或不宜執行沒收時，請依同條第3項規定，追徵其價額。三、至報告意旨雖認被告另係竊盜被害人許萬宗車內零錢1,200元，然被告堅決否認竊取上開金額，僅坦承竊取零錢700元等語。經查，本件被害人許萬宗雖稱遭竊零錢1,200元，然未提出所述留存現金數額之相關憑據可資證明，且案發後亦無查獲被告持有竊盜後之現金等相關事證，即乏其他具體證據足資證明被害人許萬宗遭竊之款項金額確係1,200元，自難僅憑被害人許萬宗片面之指述，遽為不利於被告之認定。惟此部分如成立犯罪，因與前開犯罪事實部分，為同一基本社會事實，應為聲請簡易判決效力所及，爰不另為不起訴處分，附此敘明。四、依刑事訴訟法第451條第1項聲請逕以簡易判決處刑。此致臺灣彰化地方法院中華民國110年4月28日檢察官王銘仁本件正本證明與原本無異中華民國110年4月30日書記官楊雅菁附錄本案所犯法條全文中華民國刑法第320條意圖為自己或第三人不法之所有，而竊取他人之動產者，為竊盜罪，處5年以下有期徒刑、拘役或50萬元以下罰金。意圖為自己或第三人不法之利益，而竊佔他人之不動產者，依前項之規定處斷。前二項之未遂犯罰之。 => 錯誤匹配: 及拘役30
2024-01-13 23:28:32,867:ERROR:re_reason => 臺灣彰化地方檢察署 110 年度 偵 字第 769 號刑事聲請簡易判決處刑書.txt => main_text => 謝式東犯不能安全駕駛動力交通工具罪，累犯，處有期徒陸月，如易科罰金，以新臺幣壹仟元折算壹日。併科新臺幣肆萬元罰金，罰金如易服勞役，以新臺幣壹仟元折算壹日。
2024-01-13 23:28:32,880:ERROR:re_imprisonment => 臺灣彰化地方檢察署 110 年度 偵 字第 92 號刑事聲請簡易判決處刑書.txt => main_text => 甲○○犯竊盜罪，累犯，處拘役參拾日，如易科罰金，以新臺幣壹仟元折算壹日。未扣案之自行車壹輛沒收，於全部或一部不能沒收或不宜執行沒收時，追徵其價額。犯罪事實及理由一、本案犯罪事實、證據，除犯罪事實欄一、關於被告甲○○前科部分，補充更正為「甲○○前因竊盜案件，經本院以105年度簡字第1870號判決判處有期徒刑4月、4月、4月確定；又因竊盜案件，經本院以105年度易字第1124號判決判處有期徒刑7月、8月、4月確定；又因竊盜案件，經本院以106年度簡字第831號判決判處有期徒刑4月、拘役30日確定；上開各案判處有期徒刑部分，經本院以106年度聲字第954號裁定應執行有期徒刑2年6月確定，前開應執行有期徒刑2年6月、拘役30日接續執行（羈押折抵55日、累進縮刑24日），於民國108年7月14日縮短刑期執行完畢出監（有期徒刑執畢日為108年6月14日）」；並補充「彰化縣警察局溪湖分局舊館派出所受理各類案件紀錄表、受理刑事案件報案三聯單各1份」為證據外，其餘均引用附件檢察官聲請簡易判決處刑書之記載。二、核被告所為，係犯刑法第320條第1項之竊盜罪。被告曾受如上開補充更正所載有期徒刑之科刑及執行紀錄，此有臺灣高等法院被告前案紀錄表附卷可稽，其於受有期徒刑執行完畢後，5年內故意再犯本案有期徒刑以上之各罪，為累犯。參酌司法院釋字第775號解釋意旨，並衡諸被告於本案之犯罪情節，又是和前案罪質相同之竊盜案件，顯然前次處罰無法令其記取教訓，並無因累犯之加重而生罪刑不相當之情形，爰依刑法第47條第1項規定，加重其刑。爰以行為人之責任為基礎，審酌被告漠視他人財產權益，任意竊取他人財物，行為甚屬不該，兼衡其犯罪之動機、目的、手段、所竊取財物之價值、犯罪後坦承犯行之態度，及其自述高職畢業之智識程度、無業而經濟狀況為貧寒等一切情狀，量處如主文所示之刑，並諭知易科罰金之折算標準。三、被告所竊得之自行車1輛，為被告之犯罪所得，尚未扣案，應依刑法第38條之1第1項前段、第3項規定宣告沒收，於全部或一部不能沒收或不宜執行沒收時，追徵其價額。四、依刑事訴訟法第449條第1項前段、第3項、第450條第1項、第454條第2項，逕以簡易判決處刑如主文。五、如不服本判決，得自收受送達之日起20日內向本院提出上訴狀，上訴於本院第二審合議庭（須附繕本）。本案經檢察官鄭積揚聲請簡易判決處刑。中華民國110年5月18日刑事第三庭法官胡佩芬以上正本證明與原本無異。、如不服本判決，得自收受送達之日起20日內向本院提出上訴狀，上訴於本院第二審合議庭（須附繕本）。告訴人或被害人如對本判決不服者，應具備理由請求檢察官上訴，其上訴期間之計算係以檢察官收受判決正本之日期為準。中華民國110年5月18日書記官林明俊附錄本案論罪科刑法條：中華民國刑法第320條意圖為自己或第三人不法之所有，而竊取他人之動產者，為竊盜罪，處5年以下有期徒刑、拘役或50萬元以下罰金。意圖為自己或第三人不法之利益，而竊佔他人之不動產者，依前項之規定處斷。前二項之未遂犯罰之。附件：臺灣彰化地方檢察署檢察官聲請簡易判決處刑書110年度偵字第92號被告甲○○男63歲（民國00年0月0日生）住彰化縣○○鄉○○路00號之0居彰化縣○○鄉○○路0段000號國民身分證統一編號：Z000000000號上列被告因竊盜案件，業經偵查終結，認宜聲請以簡易判決處刑，茲將犯罪事實及證據並所犯法條分敘如下：犯罪事實一、甲○○前皆因竊盜案件，經如附表「確定判決法院」欄所示之法院分別判決如附表「所處之刑」欄所示之有期徒刑確定，並經臺灣彰化地方法院106年度聲字第954號刑事裁定合併定其應執行有期徒刑2年6月，於民國108年7月14日縮短刑期執行完畢出監。詎其仍不知悔改，復意圖為自己不法之所有，於109年10月27日7時47分許，見陳ＯＯ（93年生，姓名年籍詳卷）所有之自行車1輛（價值新臺幣3000元）停放在彰化縣○○鄉○○路000號OK便利商店旁，見無人看管而有機可乘，徒手竊取涉案自行車，得手後作為代步工具使用，末棄置於彰化縣永靖鄉永社路之甘澍宮廟前。二、案經陳ＯＯ訴由彰化縣警察局溪湖分局報告偵辦。證據並所犯法條一、上揭犯罪事實，業據被告甲○○於警詢時及偵訊中坦承不諱，核與被害人陳ＯＯ於警詢之指訴相符，並有監視器錄影畫面翻拍照片在卷可佐，足見被告之自白與事實相符，其犯嫌堪以定。二、核被告所為，係犯刑法第320條第1項竊盜罪嫌。被告前曾受徒刑執行完畢後，5年內故意再犯本件有期徒刑以上之罪，為累犯，請依刑法第47條第1項之規定及大法官釋字第775號解釋意旨審酌刑度。至被告竊得之涉案自行車，既未實際合法發還予被害人，請均依刑法第38條之1第1項前段規定，宣告沒收；於全部或一部不能沒收或不宜執行沒收時，追徵其價額。又本案告訴人雖屬未成年人，惟案發時，告訴人未在場，被告主觀上應無預見該車為未成年人所有，應無兒童與少年福利與權益保障法第112條之適用，附此敘明。三、依刑事訴訟法第451條第1項聲請逕以簡易判決處刑。此致臺灣彰化地方法院中華民國110年4月16日檢察官鄭積揚附表編號罪名確定判決法院確定判決案號所處之刑1竊盜臺灣彰化地方地院105年度簡字第1870號4月（3次）2竊盜臺灣彰化地方地院105年度易字第1124號7月、8月、4月3竊盜臺灣彰化地方地院106年度簡字第831號4月 => 錯誤匹配: 執畢
2024-01-13 23:29:03,817:INFO:這次總共取樣 18347 筆資料
2024-01-13 23:29:03,817:INFO:re_criminals 總共 18347, 1個犯罪者: 16906, 0個犯罪者的: 175
2024-01-13 23:29:03,817:INFO:re_article 總共 22978
2024-01-13 23:29:03,817:INFO:re_charges 總共 18347
2024-01-13 23:29:03,817:INFO:re_reason 總共 18347
2024-01-13 23:29:03,817:INFO:re_penalty 總共 18347
